/home/anitakau/envs/tensorflow-workq/lib/python2.7/site-packages/h5py/__init__.py:36: FutureWarning: Conversion of the second argument of issubdtype from `float` to `np.floating` is deprecated. In future, it will be treated as `np.float64 == np.dtype(float).type`.
  from ._conv import register_converters as _register_converters
Using TensorFlow backend.
WARNING:tensorflow:From /home/anitakau/envs/tensorflow-workq/lib/python2.7/site-packages/tensorflow/contrib/learn/python/learn/datasets/base.py:198: retry (from tensorflow.contrib.learn.python.learn.datasets.base) is deprecated and will be removed in a future version.
Instructions for updating:
Use the retry module or similar alternatives.
2018-05-18 14:14:12.161542: I tensorflow/core/platform/cpu_feature_guard.cc:140] Your CPU supports instructions that this TensorFlow binary was not compiled to use: AVX2 FMA
2018-05-18 14:14:13.808150: I tensorflow/core/common_runtime/gpu/gpu_device.cc:1344] Found device 0 with properties: 
name: Tesla P100-PCIE-16GB major: 6 minor: 0 memoryClockRate(GHz): 1.3285
pciBusID: 0000:03:00.0
totalMemory: 15.90GiB freeMemory: 15.61GiB
2018-05-18 14:14:13.988550: I tensorflow/core/common_runtime/gpu/gpu_device.cc:1344] Found device 1 with properties: 
name: Tesla P100-PCIE-16GB major: 6 minor: 0 memoryClockRate(GHz): 1.3285
pciBusID: 0000:82:00.0
totalMemory: 15.90GiB freeMemory: 15.61GiB
2018-05-18 14:14:13.988619: I tensorflow/core/common_runtime/gpu/gpu_device.cc:1423] Adding visible gpu devices: 0, 1
2018-05-18 14:14:18.838391: I tensorflow/core/common_runtime/gpu/gpu_device.cc:911] Device interconnect StreamExecutor with strength 1 edge matrix:
2018-05-18 14:14:18.838450: I tensorflow/core/common_runtime/gpu/gpu_device.cc:917]      0 1 
2018-05-18 14:14:18.838459: I tensorflow/core/common_runtime/gpu/gpu_device.cc:930] 0:   N N 
2018-05-18 14:14:18.838463: I tensorflow/core/common_runtime/gpu/gpu_device.cc:930] 1:   N N 
2018-05-18 14:14:18.839180: I tensorflow/core/common_runtime/gpu/gpu_device.cc:1041] Created TensorFlow device (/job:localhost/replica:0/task:0/device:GPU:0 with 15133 MB memory) -> physical GPU (device: 0, name: Tesla P100-PCIE-16GB, pci bus id: 0000:03:00.0, compute capability: 6.0)
2018-05-18 14:14:18.995564: I tensorflow/core/common_runtime/gpu/gpu_device.cc:1041] Created TensorFlow device (/job:localhost/replica:0/task:0/device:GPU:1 with 15133 MB memory) -> physical GPU (device: 1, name: Tesla P100-PCIE-16GB, pci bus id: 0000:82:00.0, compute capability: 6.0)

Reading test data: 
('Reading csv:', '/home/anitakau/ctc/data_dir/librivox-test-clean.csv')
Finished reading in data
removing any sentences that are too big- tweetsize
('Total number of files:', 2620)
('Total number of files (after reduction):', 2526)
('max_intseq_length:', 280)
('numclasses:', 29)
('max_trans_charlength:', 280)
('Words:', 46839)
('Vocab:', 7547)

Loaded existing parallel model:  modelssave/0905-deep-lstm-60_best
Feature type:  mfcc
__________________________________________________________________________________________________
Layer (type)                    Output Shape         Param #     Connected to                     
==================================================================================================
the_input (InputLayer)          (None, None, 26)     0                                            
__________________________________________________________________________________________________
fc_1 (TimeDistributed)          (None, None, 512)    13824       the_input[0][0]                  
__________________________________________________________________________________________________
dropout_1 (TimeDistributed)     (None, None, 512)    0           fc_1[0][0]                       
__________________________________________________________________________________________________
fc_2 (TimeDistributed)          (None, None, 512)    262656      dropout_1[0][0]                  
__________________________________________________________________________________________________
dropout_2 (TimeDistributed)     (None, None, 512)    0           fc_2[0][0]                       
__________________________________________________________________________________________________
fc_3 (TimeDistributed)          (None, None, 512)    262656      dropout_2[0][0]                  
__________________________________________________________________________________________________
dropout_3 (TimeDistributed)     (None, None, 512)    0           fc_3[0][0]                       
__________________________________________________________________________________________________
CuDNN_lstm1 (CuDNNLSTM)         (None, None, 512)    2101248     dropout_3[0][0]                  
__________________________________________________________________________________________________
CuDNN_lstm2 (CuDNNLSTM)         (None, None, 512)    2101248     CuDNN_lstm1[0][0]                
__________________________________________________________________________________________________
CuDNN_lstm3 (CuDNNLSTM)         (None, None, 512)    2101248     CuDNN_lstm2[0][0]                
__________________________________________________________________________________________________
fc_4 (TimeDistributed)          (None, None, 512)    262656      CuDNN_lstm3[0][0]                
__________________________________________________________________________________________________
dropout_4 (TimeDistributed)     (None, None, 512)    0           fc_4[0][0]                       
__________________________________________________________________________________________________
softmax (TimeDistributed)       (None, None, 29)     14877       dropout_4[0][0]                  
__________________________________________________________________________________________________
the_labels (InputLayer)         (None, None)         0                                            
__________________________________________________________________________________________________
input_length (InputLayer)       (None, 1)            0                                            
__________________________________________________________________________________________________
label_length (InputLayer)       (None, 1)            0                                            
__________________________________________________________________________________________________
ctc (Lambda)                    (None, 1)            0           softmax[0][0]                    
                                                                 the_labels[0][0]                 
                                                                 input_length[0][0]               
                                                                 label_length[0][0]               
==================================================================================================
Total params: 7,120,413
Trainable params: 7,120,413
Non-trainable params: 0
__________________________________________________________________________________________________

 - Calculation WER on  /home/anitakau/ctc/data_dir/librivox-test-clean.csv
Average WER:  0.652380952381

 - Predictions from batch index:  10 
From:  /home/anitakau/ctc/data_dir/librivox-test-clean.csv 

Original:  in this guise it becomes horrible                                                  
Predicted:  in this skys it becomes horble a 

Original:  done he ain't done a thing he'd oughter sence he was born                          
Predicted:  don heng don a think he order since he was born ta 

Original:  so i lived and now am your tooth thrall well it is the luck of war                 
Predicted:  sai lived in now youto thrll well it is the luck of war o 

Original:  the ballet began the effect was more than beautiful                                
Predicted:  the balley began the affectu as more than beautiful  

Original:  but even the unsuccessful dramatist has his moments                                
Predicted:  but even the unsuccessul drummatist has his moments a 

Original:  a terrible thought flashed into my mind                                            
Predicted:  a terrible fout flashed intomy minde e 

Original:  yet that task was not so easy as you may suppose                                   
Predicted:  yet that task was not so easi is you may suppose a 

Original:  and i declare it's too bad that it is                                              
Predicted:  and ideclar its to badh that it is ta 

Original:  to this we reply in one word only                                                  
Predicted:  to this wo reply in one word only ba 

Original:  chapter three as master wishes                                                     
Predicted:  chapter three as master wishes e 

Original:  my dragon's belly is never full and on board went the gold                         
Predicted:  y dragons billies never full and an bord wint the gold 

Original:  aren't you splashed look at the spider webs all over the grass                     
Predicted:  o youust blashed look at us by her rems all over the grass ca 

Original:  he impressed me as being a perfectly honest man                                    
Predicted:  he impressed me as being a profectly on est man a 

Original:  the departure was not at all agreeable                                             
Predicted:  the aparture was not at all agreeable a 

Original:  the weather if we may use that term will change before long                        
Predicted:  the weather i we may use the term will chane before lan 

Original:  men should not speculate about the nature of god                                   
Predicted:  men should not speculate about the nature of god a 

Original:  or hath he given us any gift                                                       
Predicted:  or half he given as any gift a 

Original:  now you'll stay cried van say polly won't you                                      
Predicted:  now you'l stay cried man sa pollie mon o  

Original:  nottingham castle was reached and admittance was demanded                          
Predicted:  not agan castle was reached and inmittens was demanded a 

Original:  voltaire picked up something from the ground and looked at it                      
Predicted:  bol char picked up something from the ground an looked at it o 

Original:  presently he crossed the floor of his room with decided step                       
Predicted:  presently he crossed the flor of his room with dicided step a 

Original:  yes but perhaps i frightened her in what way                                       
Predicted:  yes the perhaps i frightened her in what way 

Original:  the goat's warlike spirit was roused by this successful attack                     
Predicted:  the goats war likes spirit was rouse by thes success telatap a 

Original:  save me masters but you startled me rarely                                         
Predicted:  sev me masters but u startled me rarely  

Original:  it was one of the masterly and charming stories of dumas the elder                 
Predicted:  out was one of the masterly andcharming stories of dema theelder bo 

Original:  he is supposed to sign all the checks of the concern                               
Predicted:  he is supposed tosign all the checks of the concert a 

Original:  a cold lucid indifference reigned in his soul                                      
Predicted:  accold losed indifferenc arained in his soul a 

Original:  the head of the patchwork girl was the most curious part of her                    
Predicted:  the head of the patc work girl was the most curious part of her pa 

Original:  she had almost forgotten that it was here within touch and sight                   
Predicted:  she had almost forgoden that hi was here within tucch ind sight a 

Original:  nothing new weather unchanged the wind freshens                                    
Predicted:  nothing new whether unchanged the wind freshes a 

Original:  truly such a horse should be worth much in nottingham fair                         
Predicted:  truly such a horse would be worth much inotting him far a 

Original:  she asked impulsively i didn't believe you could persuade her father               
Predicted:  she asked himpulse oly i didn't believe you could persuade her father a 

Original:  i say sir harry the little girl's going famously to night isn't she                
Predicted:  ri say sir harry the little girls going famouslyton night diesn't sho a 

Original:  concord returned to its place amidst the tents                                     
Predicted:  calncorlre churnt to its place a midst the tengts ar 

Original:  run back uncas and bring me the size of the singer's foot                          
Predicted:  run back oncus and bring me the size of the singers foot a 

Original:  or of the habits of our people it is quite impossible                              
Predicted:  or of the habits of our people bit is quite inpossible a 

Original:  it would have been more wonderful had he spoken without a bidding                  
Predicted:  it would have been more wonderful had he spoken without a bitding a 

Original:  but thou art not such a lover my beloved                                           
Predicted:  butthou art not such a lever my belof id a 

Original:  and he leaned against the wall lost in reverie                                     
Predicted:  and he leaned against the wall lost in rivery o 

Original:  cold is it my darling bless your sweet face                                        
Predicted:  cold is it my darling blus your sweet face a 

Original:  now what was the sense of it two innocent babies like that                         
Predicted:  no what is te sens of it to is it bavies like that fir 

Original:  yes my dear watson i have solved the mystery                                       
Predicted:  yes my dear wat on i have sawv the mistery o 

Original:  the examination however resulted in no discovery                                   
Predicted:  the examination however resulted i noiccovery a 

Original:  i'll do anything you wish me to bartley she said tremulously                       
Predicted:  il do anything you wash me to barly she said tremmalaly o 

Original:  that is a very fine cap you have he said                                           
Predicted:  that is a very fine capto have he said a 

Original:  why a tongue impress'd with honey from every wind                                  
Predicted:  why a tom impressed with honeny from efvery wind a 

Original:  the arrow pierced his heart and wounded him mortally                               
Predicted:  the aralpeerce to sart and wounded him mortaly  

Original:  the delawares are children of the tortoise and they outstrip the deer              
Predicted:  the deloars are children of the tortes in the outstrippe the dear a 

Original:  the king seemed only pleased with every one present                                
Predicted:  the king seemed anly pleased withevery one present o 

Original:  effects of the increased use and disuse of parts                                   
Predicted:  if fecidyincreased use and dis use of parts be 

Original:  i have been here this quarter of an hour replied la valliere                       
Predicted:  i have been here this quarter of an hour replied levothia e 

Original:  ojo had never eaten such a fine meal in all his life                               
Predicted:  o vo had never eaten such a fine meal in oll his life a 

Original:  ambrose met me at the bottom of the stairs and showed me the way to the supper room
Predicted:  ambros met made the bod of stairs and shuebd me the way to the supper room bo 

Original:  the lagoon had been level with the dykes a week ago and now                        
Predicted:  the lugod had been leel with a digs aweek ago and now a 

Original:  to ask any more questions of you i believe would be unfair                         
Predicted:  to ask any more questions of you a believe would be unfar ba 

Original:  the floor more than anything else showed the great age of the room                 
Predicted:  the flor more than anything al showed the greedage of the room a 

Original:  no sound broke the stillness of the night                                          
Predicted:  no sound brote this stillnes of the light o 

Original:  alexander leaned forward and warmed his hands before the blaze                     
Predicted:  olxanderelyaned forward and warnt is hands before the blaze a 

Original:  the squire helped to thrust them all in and entered swiftly himself                
Predicted:  the squire helped to thrust the all in an entered swiftly imself aa 

Original:  indeed he persecuted the church of christ for a long time                          
Predicted:  indeed he persecuted the church of crist for a long time ca 

Original:  what could i do now but just lay myself down and die                               
Predicted:  what ca do now but just lam i sulf down and tye a 

Original:  the wine did certainly bring back the color to the squire's cheeks                 
Predicted:  the wine ded certainly bring back the color to the squires cheeks a 

Original:  i shudder as i recall these monsters to my remembrance                             
Predicted:  i shutdher as i recall these monsters to my remember ats ta 

Original:  mister soames was somewhat overwhelmed by this flood of information                
Predicted:  mister sams was some on over welled by the flot of information  

