/home/anitakau/envs/tensorflow-workq/lib/python2.7/site-packages/h5py/__init__.py:36: FutureWarning: Conversion of the second argument of issubdtype from `float` to `np.floating` is deprecated. In future, it will be treated as `np.float64 == np.dtype(float).type`.
  from ._conv import register_converters as _register_converters
Using TensorFlow backend.
2018-05-19 09:42:17.337061: I tensorflow/core/platform/cpu_feature_guard.cc:140] Your CPU supports instructions that this TensorFlow binary was not compiled to use: AVX2 FMA
2018-05-19 09:42:18.935216: I tensorflow/core/common_runtime/gpu/gpu_device.cc:1344] Found device 0 with properties: 
name: Tesla P100-PCIE-16GB major: 6 minor: 0 memoryClockRate(GHz): 1.3285
pciBusID: 0000:03:00.0
totalMemory: 15.90GiB freeMemory: 15.61GiB
2018-05-19 09:42:19.107127: I tensorflow/core/common_runtime/gpu/gpu_device.cc:1344] Found device 1 with properties: 
name: Tesla P100-PCIE-16GB major: 6 minor: 0 memoryClockRate(GHz): 1.3285
pciBusID: 0000:82:00.0
totalMemory: 15.90GiB freeMemory: 15.61GiB
2018-05-19 09:42:19.107200: I tensorflow/core/common_runtime/gpu/gpu_device.cc:1423] Adding visible gpu devices: 0, 1
2018-05-19 09:42:19.654222: I tensorflow/core/common_runtime/gpu/gpu_device.cc:911] Device interconnect StreamExecutor with strength 1 edge matrix:
2018-05-19 09:42:19.654269: I tensorflow/core/common_runtime/gpu/gpu_device.cc:917]      0 1 
2018-05-19 09:42:19.654277: I tensorflow/core/common_runtime/gpu/gpu_device.cc:930] 0:   N N 
2018-05-19 09:42:19.654282: I tensorflow/core/common_runtime/gpu/gpu_device.cc:930] 1:   N N 
2018-05-19 09:42:19.655016: I tensorflow/core/common_runtime/gpu/gpu_device.cc:1041] Created TensorFlow device (/job:localhost/replica:0/task:0/device:GPU:0 with 15133 MB memory) -> physical GPU (device: 0, name: Tesla P100-PCIE-16GB, pci bus id: 0000:03:00.0, compute capability: 6.0)
2018-05-19 09:42:19.804023: I tensorflow/core/common_runtime/gpu/gpu_device.cc:1041] Created TensorFlow device (/job:localhost/replica:0/task:0/device:GPU:1 with 15133 MB memory) -> physical GPU (device: 1, name: Tesla P100-PCIE-16GB, pci bus id: 0000:82:00.0, compute capability: 6.0)

Reading test data: 
('Reading csv:', '/home/anitakau/ctc/data_dir/librivox-test-clean.csv')
Finished reading in data
removing any sentences that are too big- tweetsize
('Total number of files:', 2620)
('Total number of files (after reduction):', 2526)
('max_intseq_length:', 280)
('numclasses:', 29)
('max_trans_charlength:', 280)
('Words:', 46839)
('Vocab:', 7547)

Loaded existing parallel model:  modelssave/1505_2brnn_best
Feature type:  mfcc
__________________________________________________________________________________________________
Layer (type)                    Output Shape         Param #     Connected to                     
==================================================================================================
the_input (InputLayer)          (None, None, 26)     0                                            
__________________________________________________________________________________________________
masking (Masking)               (None, None, 26)     0           the_input[0][0]                  
__________________________________________________________________________________________________
fc_1 (TimeDistributed)          (None, None, 512)    13824       masking[0][0]                    
__________________________________________________________________________________________________
dropout_1 (TimeDistributed)     (None, None, 512)    0           fc_1[0][0]                       
__________________________________________________________________________________________________
fc_2 (TimeDistributed)          (None, None, 512)    262656      dropout_1[0][0]                  
__________________________________________________________________________________________________
dropout_2 (TimeDistributed)     (None, None, 512)    0           fc_2[0][0]                       
__________________________________________________________________________________________________
fc_3 (TimeDistributed)          (None, None, 512)    262656      dropout_2[0][0]                  
__________________________________________________________________________________________________
dropout_3 (TimeDistributed)     (None, None, 512)    0           fc_3[0][0]                       
__________________________________________________________________________________________________
bi_rnn1 (Bidirectional)         (None, None, 1024)   1049600     dropout_3[0][0]                  
__________________________________________________________________________________________________
bi_rnn2 (Bidirectional)         (None, None, 1024)   1573888     bi_rnn1[0][0]                    
__________________________________________________________________________________________________
fc_4 (TimeDistributed)          (None, None, 512)    524800      bi_rnn2[0][0]                    
__________________________________________________________________________________________________
dropout_4 (TimeDistributed)     (None, None, 512)    0           fc_4[0][0]                       
__________________________________________________________________________________________________
softmax (TimeDistributed)       (None, None, 29)     14877       dropout_4[0][0]                  
__________________________________________________________________________________________________
the_labels (InputLayer)         (None, None)         0                                            
__________________________________________________________________________________________________
input_length (InputLayer)       (None, 1)            0                                            
__________________________________________________________________________________________________
label_length (InputLayer)       (None, 1)            0                                            
__________________________________________________________________________________________________
ctc (Lambda)                    (None, 1)            0           softmax[0][0]                    
                                                                 the_labels[0][0]                 
                                                                 input_length[0][0]               
                                                                 label_length[0][0]               
==================================================================================================
Total params: 3,702,301
Trainable params: 3,702,301
Non-trainable params: 0
__________________________________________________________________________________________________

 - Calculation WER on  /home/anitakau/ctc/data_dir/librivox-test-clean.csv
Average WER:  0.43322172619

 - Predictions from batch index:  10 
From:  /home/anitakau/ctc/data_dir/librivox-test-clean.csv 

Original:  in this guise it becomes horrible                                                  
Predicted:  in this sguise it be comes horribl 

Original:  done he ain't done a thing he'd oughter sence he was born                          
Predicted:  don hein' don a think he order sence he ase born 

Original:  so i lived and now am your tooth thrall well it is the luck of war                 
Predicted:  so i live and now a mortud thral well it is the luck of war 

Original:  the ballet began the effect was more than beautiful                                
Predicted:  the balley began the affect was more than beautiful 

Original:  but even the unsuccessful dramatist has his moments                                
Predicted:  but even the unsuccessal draatist has his moments 

Original:  a terrible thought flashed into my mind                                            
Predicted:  a terrible thought shlashed into my mind 

Original:  yet that task was not so easy as you may suppose                                   
Predicted:  yet that task was no o easy as you may suppose 

Original:  and i declare it's too bad that it is                                              
Predicted:  and i declar its to bad that it is 

Original:  to this we reply in one word only                                                  
Predicted:  to this we reply in one word only 

Original:  chapter three as master wishes                                                     
Predicted:  chapter three as master wishes 

Original:  my dragon's belly is never full and on board went the gold                         
Predicted:  i dragon's belly is never full an on board went the gold 

Original:  aren't you splashed look at the spider webs all over the grass                     
Predicted:  are ju splashed look af e spite weps alover the grass 

Original:  he impressed me as being a perfectly honest man                                    
Predicted:  he impresed me as beng a perfectly hon est man 

Original:  the departure was not at all agreeable                                             
Predicted:  the departure was not at all agreeable 

Original:  the weather if we may use that term will change before long                        
Predicted:  the weather if we may use the ter will chainde before la 

Original:  men should not speculate about the nature of god                                   
Predicted:  men should not speculate about the nature of god 

Original:  or hath he given us any gift                                                       
Predicted:  or hath he given us any gift 

Original:  now you'll stay cried van say polly won't you                                      
Predicted:  nawyoul stay cried man say poly won't you 

Original:  nottingham castle was reached and admittance was demanded                          
Predicted:  not again castle was reached and anmitents was demanded 

Original:  voltaire picked up something from the ground and looked at it                      
Predicted:  ochur picked up something from the ground and looked at it 

Original:  presently he crossed the floor of his room with decided step                       
Predicted:  presently he cross the for of his room with decided step 

Original:  yes but perhaps i frightened her in what way                                       
Predicted:  yes but perhaps i frightened her and what way 

Original:  the goat's warlike spirit was roused by this successful attack                     
Predicted:  the gots warliike sperit was roused by the seccessfuatat 

Original:  save me masters but you startled me rarely                                         
Predicted:  save me masters bu ou startled me rarly 

Original:  it was one of the masterly and charming stories of dumas the elder                 
Predicted:  it was one of the masterly anh charming stories of dia the elder 

Original:  he is supposed to sign all the checks of the concern                               
Predicted:  he is suppose ta sin all the checks of the consert 

Original:  a cold lucid indifference reigned in his soul                                      
Predicted:  a cold luosed in difference  rained in his sou 

Original:  the head of the patchwork girl was the most curious part of her                    
Predicted:  the head of the patore girl was the most curious part of her 

Original:  she had almost forgotten that it was here within touch and sight                   
Predicted:  she had almost forgodten that i was here with intochin sight 

Original:  nothing new weather unchanged the wind freshens                                    
Predicted:  nothing knew whether unchanged the winfreshas 

Original:  truly such a horse should be worth much in nottingham fair                         
Predicted:  truly such a horse would be worth wach a noding himfair 

Original:  she asked impulsively i didn't believe you could persuade her father               
Predicted:  she asked impulsitly id dedn't believe you could persuad her father 

Original:  i say sir harry the little girl's going famously to night isn't she                
Predicted:  y say ir harry the little girls going famously to niht isn't she 

Original:  concord returned to its place amidst the tents                                     
Predicted:  concord litunk meats place a mits tetents 

Original:  run back uncas and bring me the size of the singer's foot                          
Predicted:  run back uncus and bring me the size of the singers foot 

Original:  or of the habits of our people it is quite impossible                              
Predicted:  or of the habits of our people bin is quite am possible 

Original:  it would have been more wonderful had he spoken without a bidding                  
Predicted:  it would have been more wonderful head he spoken without a bidding 

Original:  but thou art not such a lover my beloved                                           
Predicted:  but tou art not such alover my bolovit 

Original:  and he leaned against the wall lost in reverie                                     
Predicted:  and he leamed against the wall lost in revery 

Original:  cold is it my darling bless your sweet face                                        
Predicted:  cold as it my darling bless your sweet face 

Original:  now what was the sense of it two innocent babies like that                         
Predicted:  now what is to sense of it ten in is ip babi's like that 

Original:  yes my dear watson i have solved the mystery                                       
Predicted:  yes my dear wats and i have sov the mystory 

Original:  the examination however resulted in no discovery                                   
Predicted:  the examination however resulted an no discovery 

Original:  i'll do anything you wish me to bartley she said tremulously                       
Predicted:  i'll do anything you wish me to bartly she said tremalously 

Original:  that is a very fine cap you have he said                                           
Predicted:  that is a very fine cap you havse he said 

Original:  why a tongue impress'd with honey from every wind                                  
Predicted:  why a tongue impressed with honey from every wind 

Original:  the arrow pierced his heart and wounded him mortally                               
Predicted:  the arol perce is heart and wonded him mortaly 

Original:  the delawares are children of the tortoise and they outstrip the deer              
Predicted:  the deloars are children of the tordis in they outstrip the dear 

Original:  the king seemed only pleased with every one present                                
Predicted:  the king seemed only pleased with everyone present 

Original:  effects of the increased use and disuse of parts                                   
Predicted:  e fecof thy increase use and disuseof parts 

Original:  i have been here this quarter of an hour replied la valliere                       
Predicted:  i have been here this quarter of an hour replied lov othe e 

Original:  ojo had never eaten such a fine meal in all his life                               
Predicted:  ojo had never eten such a find nel in all his life 

Original:  ambrose met me at the bottom of the stairs and showed me the way to the supper room
Predicted:  ambrose met mid obom of stars and shed me the way to the suppe room 

Original:  the lagoon had been level with the dykes a week ago and now                        
Predicted:  the lugod had been level with the duigs aweek ago and now 

Original:  to ask any more questions of you i believe would be unfair                         
Predicted:  to ask any more questions of you i belie would be unfair 

Original:  the floor more than anything else showed the great age of the room                 
Predicted:  the floorm more than anething outhowed the greet age of the room 

Original:  no sound broke the stillness of the night                                          
Predicted:  no soun bloki stillnes of the night 

Original:  alexander leaned forward and warmed his hands before the blaze                     
Predicted:  alexander leaned forward and wont his hands before the blaze 

Original:  the squire helped to thrust them all in and entered swiftly himself                
Predicted:  the squire helpd to thrust them all in and entered swiftly himself 

Original:  indeed he persecuted the church of christ for a long time                          
Predicted:  indeed he persecuted the churcha price for a long time 

Original:  what could i do now but just lay myself down and die                               
Predicted:  whil cu do now but just lay myself down and di 

Original:  the wine did certainly bring back the color to the squire's cheeks                 
Predicted:  the winded certainly bring back the color to the squires cheeks 

Original:  i shudder as i recall these monsters to my remembrance                             
Predicted:  i shudder as i recall these mosters to my remembrecs 

Original:  mister soames was somewhat overwhelmed by this flood of information                
Predicted:  mister soms was somemont overwelmed by this floot of information 

