/home/anitakau/envs/tensorflow-workq/lib/python2.7/site-packages/h5py/__init__.py:36: FutureWarning: Conversion of the second argument of issubdtype from `float` to `np.floating` is deprecated. In future, it will be treated as `np.float64 == np.dtype(float).type`.
  from ._conv import register_converters as _register_converters
Using TensorFlow backend.
WARNING:tensorflow:From /home/anitakau/envs/tensorflow-workq/lib/python2.7/site-packages/tensorflow/contrib/learn/python/learn/datasets/base.py:198: retry (from tensorflow.contrib.learn.python.learn.datasets.base) is deprecated and will be removed in a future version.
Instructions for updating:
Use the retry module or similar alternatives.
2018-05-24 12:29:01.265100: I tensorflow/core/platform/cpu_feature_guard.cc:140] Your CPU supports instructions that this TensorFlow binary was not compiled to use: AVX2 FMA
2018-05-24 12:29:02.744556: I tensorflow/core/common_runtime/gpu/gpu_device.cc:1344] Found device 0 with properties: 
name: Tesla P100-PCIE-16GB major: 6 minor: 0 memoryClockRate(GHz): 1.3285
pciBusID: 0000:03:00.0
totalMemory: 15.90GiB freeMemory: 15.61GiB
2018-05-24 12:29:02.911438: I tensorflow/core/common_runtime/gpu/gpu_device.cc:1344] Found device 1 with properties: 
name: Tesla P100-PCIE-16GB major: 6 minor: 0 memoryClockRate(GHz): 1.3285
pciBusID: 0000:82:00.0
totalMemory: 15.90GiB freeMemory: 15.61GiB
2018-05-24 12:29:02.911505: I tensorflow/core/common_runtime/gpu/gpu_device.cc:1423] Adding visible gpu devices: 0, 1
2018-05-24 12:29:07.800398: I tensorflow/core/common_runtime/gpu/gpu_device.cc:911] Device interconnect StreamExecutor with strength 1 edge matrix:
2018-05-24 12:29:07.800443: I tensorflow/core/common_runtime/gpu/gpu_device.cc:917]      0 1 
2018-05-24 12:29:07.800451: I tensorflow/core/common_runtime/gpu/gpu_device.cc:930] 0:   N N 
2018-05-24 12:29:07.800455: I tensorflow/core/common_runtime/gpu/gpu_device.cc:930] 1:   N N 
2018-05-24 12:29:07.801090: I tensorflow/core/common_runtime/gpu/gpu_device.cc:1041] Created TensorFlow device (/job:localhost/replica:0/task:0/device:GPU:0 with 15133 MB memory) -> physical GPU (device: 0, name: Tesla P100-PCIE-16GB, pci bus id: 0000:03:00.0, compute capability: 6.0)
2018-05-24 12:29:07.949350: I tensorflow/core/common_runtime/gpu/gpu_device.cc:1041] Created TensorFlow device (/job:localhost/replica:0/task:0/device:GPU:1 with 15133 MB memory) -> physical GPU (device: 1, name: Tesla P100-PCIE-16GB, pci bus id: 0000:82:00.0, compute capability: 6.0)
/home/anitakau/envs/tensorflow-workq/lib/python2.7/site-packages/keras/models.py:255: UserWarning: No training configuration found in save file: the model was *not* compiled. Compile it manually.
  warnings.warn('No training configuration found in save file: '

Reading training data:
('Reading csv:', '/home/anitakau/ctc/data_dir/librivox-train-clean-360.csv')
Finished reading in data
removing any sentences that are too big- tweetsize
('Total number of files:', 104014)
('Total number of files (after reduction):', 102100)
('max_intseq_length:', 280)
('numclasses:', 29)
('max_trans_charlength:', 280)
('Words:', 3490549)
('Vocab:', 59235)

Reading validation data: 
('Reading csv:', '/home/anitakau/ctc/data_dir/librivox-dev-clean.csv')
Finished reading in data
removing any sentences that are too big- tweetsize
('Total number of files:', 2703)
('Total number of files (after reduction):', 2616)
('max_intseq_length:', 279)
('numclasses:', 29)
('max_trans_charlength:', 279)
('Words:', 48972)
('Vocab:', 7726)

Reading test data: 
('Reading csv:', '/home/anitakau/ctc/data_dir/librivox-test-clean.csv')
Finished reading in data
removing any sentences that are too big- tweetsize
('Total number of files:', 2620)
('Total number of files (after reduction):', 2526)
('max_intseq_length:', 280)
('numclasses:', 29)
('max_trans_charlength:', 280)
('Words:', 46839)
('Vocab:', 7547)


Model and training parameters: 
Starting time:  2018-05-24 12:28:53
 - epochs:  40 
 - batch size:  64 
 - input epoch length:  0 
 - network epoch length:  1595 
 - training on  102080  files 
 - learning rate:  0.0001 
 - hidden units:  512 
 - mfcc features:  26 
 - dropout:  0.2 

Loaded existing model at:  modelssave/2205-2BLSTM-360
__________________________________________________________________________________________________
Layer (type)                    Output Shape         Param #     Connected to                     
==================================================================================================
the_input (InputLayer)          (None, None, 26)     0                                            
__________________________________________________________________________________________________
fc_1 (TimeDistributed)          (None, None, 512)    13824       the_input[0][0]                  
__________________________________________________________________________________________________
dropout_1 (TimeDistributed)     (None, None, 512)    0           fc_1[0][0]                       
__________________________________________________________________________________________________
fc_2 (TimeDistributed)          (None, None, 512)    262656      dropout_1[0][0]                  
__________________________________________________________________________________________________
dropout_2 (TimeDistributed)     (None, None, 512)    0           fc_2[0][0]                       
__________________________________________________________________________________________________
fc_3 (TimeDistributed)          (None, None, 512)    262656      dropout_2[0][0]                  
__________________________________________________________________________________________________
dropout_3 (TimeDistributed)     (None, None, 512)    0           fc_3[0][0]                       
__________________________________________________________________________________________________
CuDNN_bi_lstm1 (Bidirectional)  (None, None, 512)    4202496     dropout_3[0][0]                  
__________________________________________________________________________________________________
CuDNN_bi_lstm2 (Bidirectional)  (None, None, 512)    4202496     CuDNN_bi_lstm1[0][0]             
__________________________________________________________________________________________________
fc_4 (TimeDistributed)          (None, None, 512)    262656      CuDNN_bi_lstm2[0][0]             
__________________________________________________________________________________________________
dropout_4 (TimeDistributed)     (None, None, 512)    0           fc_4[0][0]                       
__________________________________________________________________________________________________
softmax (TimeDistributed)       (None, None, 29)     14877       dropout_4[0][0]                  
__________________________________________________________________________________________________
the_labels (InputLayer)         (None, None)         0                                            
__________________________________________________________________________________________________
input_length (InputLayer)       (None, 1)            0                                            
__________________________________________________________________________________________________
label_length (InputLayer)       (None, 1)            0                                            
__________________________________________________________________________________________________
ctc (Lambda)                    (None, 1)            0           softmax[0][0]                    
                                                                 the_labels[0][0]                 
                                                                 input_length[0][0]               
                                                                 label_length[0][0]               
==================================================================================================
Total params: 9,221,661
Trainable params: 9,221,661
Non-trainable params: 0
__________________________________________________________________________________________________
Epoch 1/40
 - 3271s - loss: 15.8556 - val_loss: 28.5293

Epoch 00001: val_loss improved from inf to 28.52925, saving model to modelssave/2205-2BLSTM-360-cont_best
 - average WER:  0.436495535714 

Epoch 2/40
 - 2368s - loss: 15.5396 - val_loss: 28.6169

Epoch 00002: val_loss did not improve
 - average WER:  0.384765625 

Epoch 3/40
 - 2373s - loss: 15.2294 - val_loss: 29.0911

Epoch 00003: val_loss did not improve
 - average WER:  0.418619791667 

Epoch 4/40
 - 2372s - loss: 14.9950 - val_loss: 28.5657

Epoch 00004: val_loss did not improve
 - average WER:  0.381789434524 

Epoch 5/40
 - 2368s - loss: 14.7039 - val_loss: 29.1412

Epoch 00005: val_loss did not improve
 - average WER:  0.393619791667 

Epoch 6/40
 - 2370s - loss: 14.4545 - val_loss: 29.3479

Epoch 00006: val_loss did not improve
 - average WER:  0.359449404762 

Epoch 7/40
 - 2369s - loss: 14.1806 - val_loss: 29.7110

Epoch 00007: val_loss did not improve
 - average WER:  0.372786458333 

Epoch 8/40
 - 2369s - loss: 13.9404 - val_loss: 29.7033

Epoch 00008: val_loss did not improve
 - average WER:  0.355078125 

Epoch 9/40
 - 2369s - loss: 13.7228 - val_loss: 29.1524

Epoch 00009: val_loss did not improve
 - average WER:  0.405580357143 

Epoch 10/40
 - 2375s - loss: 13.4867 - val_loss: 30.1361

Epoch 00010: val_loss did not improve
 - average WER:  0.365811011905 

Log file saved:  log_files/2205-2BLSTM-360-cont_05-24_1229.csv
Epoch 11/40
 - 2370s - loss: 13.2298 - val_loss: 30.1009

Epoch 00011: val_loss did not improve
 - average WER:  0.415401785714 

Epoch 12/40
 - 2370s - loss: 13.0481 - val_loss: 30.3201

Epoch 00012: val_loss did not improve
 - average WER:  0.423958333333 

Epoch 13/40
 - 2370s - loss: 12.8384 - val_loss: 30.2602

Epoch 00013: val_loss did not improve
 - average WER:  0.423883928571 

Epoch 14/40
 - 2370s - loss: 12.6637 - val_loss: 30.2259

Epoch 00014: val_loss did not improve
 - average WER:  0.417466517857 

Epoch 15/40
 - 2372s - loss: 12.4326 - val_loss: 31.0663

Epoch 00015: val_loss did not improve
 - average WER:  0.380078125 

Epoch 16/40
 - 2370s - loss: 12.2069 - val_loss: 31.0045

Epoch 00016: val_loss did not improve
 - average WER:  0.426060267857 

Epoch 17/40
 - 2369s - loss: 12.0179 - val_loss: 31.5016

Epoch 00017: val_loss did not improve
 - average WER:  0.371949404762 

Epoch 18/40
 - 2370s - loss: 11.8743 - val_loss: 31.0440

Epoch 00018: val_loss did not improve
 - average WER:  0.387425595238 

Epoch 19/40
 - 2370s - loss: 11.6377 - val_loss: 31.5066

Epoch 00019: val_loss did not improve
 - average WER:  0.431529017857 

Epoch 20/40
 - 2368s - loss: 11.4900 - val_loss: 31.5799

Epoch 00020: val_loss did not improve
 - average WER:  0.386253720238 

Log file saved:  log_files/2205-2BLSTM-360-cont_05-24_1229.csv
Epoch 21/40
 - 2370s - loss: 11.3235 - val_loss: 31.5187

Epoch 00021: val_loss did not improve
 - average WER:  0.42736235119 

Epoch 22/40
 - 2372s - loss: 11.1385 - val_loss: 32.1148

Epoch 00022: val_loss did not improve
 - average WER:  0.391982886905 

Epoch 23/40
 - 2370s - loss: 10.9461 - val_loss: 32.2380

Epoch 00023: val_loss did not improve
 - average WER:  0.372823660714 

Epoch 24/40
 - 2368s - loss: 10.8292 - val_loss: 32.1986

Epoch 00024: val_loss did not improve
 - average WER:  0.376450892857 

Epoch 25/40
 - 2369s - loss: 10.7065 - val_loss: 32.3680

Epoch 00025: val_loss did not improve
 - average WER:  0.418415178571 

Epoch 26/40
 - 2368s - loss: 10.5454 - val_loss: 32.3953

Epoch 00026: val_loss did not improve
 - average WER:  0.396186755952 

Epoch 27/40
 - 2370s - loss: 10.4030 - val_loss: 32.9068

Epoch 00027: val_loss did not improve
 - average WER:  0.363560267857 

Epoch 28/40
 - 2370s - loss: 10.2429 - val_loss: 32.5623

Epoch 00028: val_loss did not improve
 - average WER:  0.397563244048 

Epoch 29/40
 - 2378s - loss: 10.0731 - val_loss: 32.7290

Epoch 00029: val_loss did not improve
 - average WER:  0.381119791667 

Epoch 30/40
 - 2370s - loss: 9.9581 - val_loss: 33.1856

Epoch 00030: val_loss did not improve
 - average WER:  0.387630208333 

Log file saved:  log_files/2205-2BLSTM-360-cont_05-24_1229.csv
Epoch 31/40
 - 2369s - loss: 9.7914 - val_loss: 32.7744

Epoch 00031: val_loss did not improve
 - average WER:  0.374683779762 

Epoch 32/40
 - 2369s - loss: 9.6713 - val_loss: 33.5470

Epoch 00032: val_loss did not improve
 - average WER:  0.391573660714 

Epoch 33/40
 - 2370s - loss: 9.5610 - val_loss: 33.2830

Epoch 00033: val_loss did not improve
 - average WER:  0.383482142857 

Epoch 34/40
 - 2369s - loss: 9.3942 - val_loss: 33.8245

Epoch 00034: val_loss did not improve
 - average WER:  0.355412946429 

Epoch 35/40
 - 2370s - loss: 9.2953 - val_loss: 33.6899

Epoch 00035: val_loss did not improve
 - average WER:  0.362034970238 

Epoch 36/40
 - 2369s - loss: 9.1619 - val_loss: 33.7347

Epoch 00036: val_loss did not improve
 - average WER:  0.323958333333 

Epoch 37/40
 - 2368s - loss: 9.0903 - val_loss: 34.8633

Epoch 00037: val_loss did not improve
 - average WER:  0.392726934524 

Epoch 38/40
 - 2367s - loss: 8.9623 - val_loss: 34.3782

Epoch 00038: val_loss did not improve
 - average WER:  0.415885416667 

Epoch 39/40
 - 2369s - loss: 8.8405 - val_loss: 34.3751

Epoch 00039: val_loss did not improve
 - average WER:  0.376711309524 

Epoch 40/40
 - 2370s - loss: 8.7338 - val_loss: 34.3999

Epoch 00040: val_loss did not improve
 - average WER:  0.361458333333 

Log file saved:  log_files/2205-2BLSTM-360-cont_05-24_1229.csv

 - Training ended, test wer:  0.362946428571  -

Prediction samples:

Original:  an everlasting laugh                                            
Predicted:  an ever lasting laugh 

Original:  he could hardly realise how it had all come about               
Predicted:  he could hardly realize how it ad ill come about 

Original:  in about an hour and three quarters the boy returned            
Predicted:  in about am our and three quarters the blay returned 

Original:  i will sit in the parlor awhile and collect my thoughts         
Predicted:  i will sit in the parlor a while and collect my thoughts 

Original:  ursus and homo took charge of each other                        
Predicted:  arsissen homo to charge of each othert 

Original:  i do not know confessed shaggy                                  
Predicted:  i do not know confess shaggyoo 

Original:  chapter thirty three a confidant                                
Predicted:  chapter thirty three a contidant 

Original:  i had the pleasure of meeting him in society                    
Predicted:  i had the pleasure of meeting him in societyoe 

Original:  there was an extraordinary force of suggestion in this posturing
Predicted:  there was nin xtraordinay force of suggestien in this postering 

Original:  boats put out both from the fort and the shore                  
Predicted:  boats put up both from the ford and the shorei 

Original:  spring came and passed and then summer                          
Predicted:  spring came in passed and then summer 

Original:  i'm going to do what you asked me to do when you were in london 
Predicted:  i'm going to do tyou asked he di do when you were in london 

Original:  couldn't help it then how can i ever trust you                  
Predicted:  couldn't help it than how can i ever trustiel 

Original:  must stop that fifty lashes troke                               
Predicted:  must stop that fifty lashe's troke 

Original:  rosecrans protested it was in vain                              
Predicted:  rose krans protested it was in vainc 

Original:  i made a quick glance over my shoulder and grabbed at my gun    
Predicted:  i made a quick glance ofr myheshoulder and grabed that my gunii 

Original:  watch the savages outside said robert                           
Predicted:  watch the sabbades outside said robert 

Original:  illustration marjoram                                           
Predicted:  illustration marjrm 

Original:  i don't say that protested michaelis gently                     
Predicted:  i don't say that protested my calas gently 

Original:  he was stone dead but i dropped that foot quick                 
Predicted:  it was stone dead but i dropped at footquick 

Original:  at all events we shall get there some day                       
Predicted:  at al events we shall get there some dayto 

Original:  bring it to the public attention dramatize it                   
Predicted:  bring it to he public attention dramatise it 

Original:  yes and a very respectable one                                  
Predicted:  yes and a very respectable one 

Original:  he also thought of his managerial position                      
Predicted:  he also thought of his manaereal position 

Original:  bad generalship i thought it was christmas                      
Predicted:  bad guneral ship i thought it was christmasa 

Original:  illustration ginger                                             
Predicted:  illustration ginger 

Original:  i'll be glad to try sir he replied                              
Predicted:  i'll be glad to tri sir he replied 

Original:  with that came a pang of intense pain                           
Predicted:  with that ame a pang of intense pain 

Original:  what alternative was there for her                              
Predicted:  what alterniti less here for here 

Original:  to make good home made bread                                    
Predicted:  to make good home made bread 

Original:  illustration rusks                                              
Predicted:  illustration rusts 

Original:  it is like a bandage over one's eyes to come into it            
Predicted:  it id like a bandage over one's eyes to come into it 

Original:  but clews there are absolutely none                             
Predicted:  but cluse there are absolotely none 

Original:  he pulled up a window as if the air were heavy                  
Predicted:  he pulled up a window as if the air were heavy 

Original:  is papa alone enquired miss temple                              
Predicted:  is papalone inquired miss temple 

Original:  the queen gazed upon our friends with evident interest          
Predicted:  the queen gazed upon our friends with evirtdent interestc 

Original:  he no doubt would bring food of some kind with him              
Predicted:  he kno daubt would bring food of some kind with him 

Original:  send my soul clean to asura                                     
Predicted:  send my soul clean to assurao 

Original:  but kirkland kept steadily on for the river                     
Predicted:  but carkklan kepts steadily on for the riverer 

Original:  for ambrosch my mama come here                                  
Predicted:  for ambroch my manmal come here 

Original:  i was quartered with him at sarah island                        
Predicted:  i was quarter with him at sarrae island 

Original:  the sharp smell of spirits went through the room                
Predicted:  the sharp smell of spirits went through the rom 

Original:  it seemed as if his family troubles were just beginning         
Predicted:  it seemed as if his family troubles were just beginning 

Original:  impertinent young beggar said burgess                           
Predicted:  impertinent young beggar said vurgus 

Original:  but living soul there could be none to meet                     
Predicted:  but living soul there could be none to meet 

Original:  the private could but he was no general you see                 
Predicted:  the private good but he was no genraly ossleei 

Original:  not at the hotel just now                                       
Predicted:  not at the hotel just now 

Original:  then bozzle came forward and introduced his wife                
Predicted:  then bazzil came forward and introduced his wife 

Original:  they were within a few miles of their village now               
Predicted:  they were within a few miles of their village now 

Original:  doctor we all have our crosses have we not                      
Predicted:  doctor we all heve a crosses have e notei 

Original:  no one could escape from this rictus                            
Predicted:  no one could escape from this rices 

Original:  the report is premature my good friend                          
Predicted:  the ere port is premature my good friend 

Original:  i gasped positively gasped                                      
Predicted:  i gasked posit tibly guaspsc 

Original:  our pickets had run in and reported a night attack              
Predicted:  our pickets said run in ind reported a night attack 

Original:  sweetwater help me out of this                                  
Predicted:  isweetwater phelth me out of this 

Original:  chapter four the first night in camp                            
Predicted:  chepfer for the first nigh bin amp 

Original:  he seemed to be cursing people who had wronged him              
Predicted:  he seemed to be cursing people would rong himc 

Original:  fortunately there was nothing from his wife either              
Predicted:  foginatly ther was nothing from is wife either 

Original:  this is a mistake though a perfectly natural one                
Predicted:  this is a mistake though perfectly natural one 

Original:  i haven't courage enough to do it for myself                    
Predicted:  i haveen't courage enough to do it for myself 

Original:  the savage philosopher the dual mind                            
Predicted:  the savage phelosopher the duil mindi 

Original:  lemon juice may be added at pleasure                            
Predicted:  lemon juice may be added at pleasure 

Original:  pray go to bed for i am sure you must need rest                 
Predicted:  praygoto bed for i am sure you must need rest 

Original:  the sick man raged and shook his fist                           
Predicted:  the sick man raged and shook his fist 

Log file saved:  log_files/2205-2BLSTM-360-cont_05-24_1229.csv
Model saved:  modelssave/2205-2BLSTM-360-cont
Ending time:  2018-05-25 15:04:45
