Loaded existing model:  models/2005_blstm_64xfull_360
__________________________________________________________________________________________________
Layer (type)                    Output Shape         Param #     Connected to                     
==================================================================================================
the_input (InputLayer)          (None, None, 26)     0                                            
__________________________________________________________________________________________________
fc_1 (TimeDistributed)          (None, None, 512)    13824       the_input[0][0]                  
__________________________________________________________________________________________________
dropout_1 (TimeDistributed)     (None, None, 512)    0           fc_1[0][0]                       
__________________________________________________________________________________________________
fc_2 (TimeDistributed)          (None, None, 512)    262656      dropout_1[0][0]                  
__________________________________________________________________________________________________
dropout_2 (TimeDistributed)     (None, None, 512)    0           fc_2[0][0]                       
__________________________________________________________________________________________________
fc_3 (TimeDistributed)          (None, None, 512)    262656      dropout_2[0][0]                  
__________________________________________________________________________________________________
dropout_3 (TimeDistributed)     (None, None, 512)    0           fc_3[0][0]                       
__________________________________________________________________________________________________
CuDNN_bi_lstm (Bidirectional)   (None, None, 512)    4202496     dropout_3[0][0]                  
__________________________________________________________________________________________________
fc_4 (TimeDistributed)          (None, None, 512)    262656      CuDNN_bi_lstm[0][0]              
__________________________________________________________________________________________________
dropout_4 (TimeDistributed)     (None, None, 512)    0           fc_4[0][0]                       
__________________________________________________________________________________________________
softmax (TimeDistributed)       (None, None, 29)     14877       dropout_4[0][0]                  
__________________________________________________________________________________________________
the_labels (InputLayer)         (None, None)         0                                            
__________________________________________________________________________________________________
input_length (InputLayer)       (None, 1)            0                                            
__________________________________________________________________________________________________
label_length (InputLayer)       (None, 1)            0                                            
__________________________________________________________________________________________________
ctc (Lambda)                    (None, 1)            0           softmax[0][0]                    
                                                                 the_labels[0][0]                 
                                                                 input_length[0][0]               
                                                                 label_length[0][0]               
==================================================================================================
Total params: 5,019,165
Trainable params: 5,019,165
Non-trainable params: 0
__________________________________________________________________________________________________

{
    "backend": "tensorflow", 
    "class_name": "Model", 
    "config": {
        "input_layers": [
            [
                "the_input", 
                0, 
                0
            ], 
            [
                "the_labels", 
                0, 
                0
            ], 
            [
                "input_length", 
                0, 
                0
            ], 
            [
                "label_length", 
                0, 
                0
            ]
        ], 
        "layers": [
            {
                "class_name": "InputLayer", 
                "config": {
                    "batch_input_shape": [
                        null, 
                        null, 
                        26
                    ], 
                    "dtype": "float32", 
                    "name": "the_input", 
                    "sparse": false
                }, 
                "inbound_nodes": [], 
                "name": "the_input"
            }, 
            {
                "class_name": "TimeDistributed", 
                "config": {
                    "layer": {
                        "class_name": "Dense", 
                        "config": {
                            "activation": "clipped_relu", 
                            "activity_regularizer": null, 
                            "bias_constraint": null, 
                            "bias_initializer": {
                                "class_name": "RandomNormal", 
                                "config": {
                                    "mean": 0.0, 
                                    "seed": null, 
                                    "stddev": 0.05
                                }
                            }, 
                            "bias_regularizer": null, 
                            "kernel_constraint": null, 
                            "kernel_initializer": {
                                "class_name": "RandomNormal", 
                                "config": {
                                    "mean": 0.0, 
                                    "seed": null, 
                                    "stddev": 0.05
                                }
                            }, 
                            "kernel_regularizer": null, 
                            "name": "dense_1", 
                            "trainable": true, 
                            "units": 512, 
                            "use_bias": true
                        }
                    }, 
                    "name": "fc_1", 
                    "trainable": true
                }, 
                "inbound_nodes": [
                    [
                        [
                            "the_input", 
                            0, 
                            0, 
                            {}
                        ]
                    ]
                ], 
                "name": "fc_1"
            }, 
            {
                "class_name": "TimeDistributed", 
                "config": {
                    "layer": {
                        "class_name": "Dropout", 
                        "config": {
                            "name": "dropout_1", 
                            "noise_shape": null, 
                            "rate": 0.2, 
                            "seed": null, 
                            "trainable": true
                        }
                    }, 
                    "name": "dropout_1", 
                    "trainable": true
                }, 
                "inbound_nodes": [
                    [
                        [
                            "fc_1", 
                            0, 
                            0, 
                            {}
                        ]
                    ]
                ], 
                "name": "dropout_1"
            }, 
            {
                "class_name": "TimeDistributed", 
                "config": {
                    "layer": {
                        "class_name": "Dense", 
                        "config": {
                            "activation": "clipped_relu", 
                            "activity_regularizer": null, 
                            "bias_constraint": null, 
                            "bias_initializer": {
                                "class_name": "RandomNormal", 
                                "config": {
                                    "mean": 0.0, 
                                    "seed": null, 
                                    "stddev": 0.05
                                }
                            }, 
                            "bias_regularizer": null, 
                            "kernel_constraint": null, 
                            "kernel_initializer": {
                                "class_name": "RandomNormal", 
                                "config": {
                                    "mean": 0.0, 
                                    "seed": null, 
                                    "stddev": 0.05
                                }
                            }, 
                            "kernel_regularizer": null, 
                            "name": "dense_2", 
                            "trainable": true, 
                            "units": 512, 
                            "use_bias": true
                        }
                    }, 
                    "name": "fc_2", 
                    "trainable": true
                }, 
                "inbound_nodes": [
                    [
                        [
                            "dropout_1", 
                            0, 
                            0, 
                            {}
                        ]
                    ]
                ], 
                "name": "fc_2"
            }, 
            {
                "class_name": "TimeDistributed", 
                "config": {
                    "layer": {
                        "class_name": "Dropout", 
                        "config": {
                            "name": "dropout_2", 
                            "noise_shape": null, 
                            "rate": 0.2, 
                            "seed": null, 
                            "trainable": true
                        }
                    }, 
                    "name": "dropout_2", 
                    "trainable": true
                }, 
                "inbound_nodes": [
                    [
                        [
                            "fc_2", 
                            0, 
                            0, 
                            {}
                        ]
                    ]
                ], 
                "name": "dropout_2"
            }, 
            {
                "class_name": "TimeDistributed", 
                "config": {
                    "layer": {
                        "class_name": "Dense", 
                        "config": {
                            "activation": "clipped_relu", 
                            "activity_regularizer": null, 
                            "bias_constraint": null, 
                            "bias_initializer": {
                                "class_name": "RandomNormal", 
                                "config": {
                                    "mean": 0.0, 
                                    "seed": null, 
                                    "stddev": 0.05
                                }
                            }, 
                            "bias_regularizer": null, 
                            "kernel_constraint": null, 
                            "kernel_initializer": {
                                "class_name": "RandomNormal", 
                                "config": {
                                    "mean": 0.0, 
                                    "seed": null, 
                                    "stddev": 0.05
                                }
                            }, 
                            "kernel_regularizer": null, 
                            "name": "dense_3", 
                            "trainable": true, 
                            "units": 512, 
                            "use_bias": true
                        }
                    }, 
                    "name": "fc_3", 
                    "trainable": true
                }, 
                "inbound_nodes": [
                    [
                        [
                            "dropout_2", 
                            0, 
                            0, 
                            {}
                        ]
                    ]
                ], 
                "name": "fc_3"
            }, 
            {
                "class_name": "TimeDistributed", 
                "config": {
                    "layer": {
                        "class_name": "Dropout", 
                        "config": {
                            "name": "dropout_3", 
                            "noise_shape": null, 
                            "rate": 0.2, 
                            "seed": null, 
                            "trainable": true
                        }
                    }, 
                    "name": "dropout_3", 
                    "trainable": true
                }, 
                "inbound_nodes": [
                    [
                        [
                            "fc_3", 
                            0, 
                            0, 
                            {}
                        ]
                    ]
                ], 
                "name": "dropout_3"
            }, 
            {
                "class_name": "Bidirectional", 
                "config": {
                    "layer": {
                        "class_name": "CuDNNLSTM", 
                        "config": {
                            "activity_regularizer": null, 
                            "bias_constraint": null, 
                            "bias_initializer": {
                                "class_name": "RandomNormal", 
                                "config": {
                                    "mean": 0.0, 
                                    "seed": null, 
                                    "stddev": 0.05
                                }
                            }, 
                            "bias_regularizer": null, 
                            "go_backwards": false, 
                            "kernel_constraint": null, 
                            "kernel_initializer": {
                                "class_name": "VarianceScaling", 
                                "config": {
                                    "distribution": "uniform", 
                                    "mode": "fan_avg", 
                                    "scale": 1.0, 
                                    "seed": null
                                }
                            }, 
                            "kernel_regularizer": null, 
                            "name": "cu_dnnlstm_1", 
                            "recurrent_constraint": null, 
                            "recurrent_initializer": {
                                "class_name": "Orthogonal", 
                                "config": {
                                    "gain": 1.0, 
                                    "seed": null
                                }
                            }, 
                            "recurrent_regularizer": null, 
                            "return_sequences": true, 
                            "return_state": false, 
                            "stateful": false, 
                            "trainable": true, 
                            "unit_forget_bias": true, 
                            "units": 512
                        }
                    }, 
                    "merge_mode": "sum", 
                    "name": "CuDNN_bi_lstm", 
                    "trainable": true
                }, 
                "inbound_nodes": [
                    [
                        [
                            "dropout_3", 
                            0, 
                            0, 
                            {}
                        ]
                    ]
                ], 
                "name": "CuDNN_bi_lstm"
            }, 
            {
                "class_name": "TimeDistributed", 
                "config": {
                    "layer": {
                        "class_name": "Dense", 
                        "config": {
                            "activation": "relu", 
                            "activity_regularizer": null, 
                            "bias_constraint": null, 
                            "bias_initializer": {
                                "class_name": "RandomNormal", 
                                "config": {
                                    "mean": 0.0, 
                                    "seed": null, 
                                    "stddev": 0.05
                                }
                            }, 
                            "bias_regularizer": null, 
                            "kernel_constraint": null, 
                            "kernel_initializer": {
                                "class_name": "RandomNormal", 
                                "config": {
                                    "mean": 0.0, 
                                    "seed": null, 
                                    "stddev": 0.05
                                }
                            }, 
                            "kernel_regularizer": null, 
                            "name": "dense_4", 
                            "trainable": true, 
                            "units": 512, 
                            "use_bias": true
                        }
                    }, 
                    "name": "fc_4", 
                    "trainable": true
                }, 
                "inbound_nodes": [
                    [
                        [
                            "CuDNN_bi_lstm", 
                            0, 
                            0, 
                            {}
                        ]
                    ]
                ], 
                "name": "fc_4"
            }, 
            {
                "class_name": "TimeDistributed", 
                "config": {
                    "layer": {
                        "class_name": "Dropout", 
                        "config": {
                            "name": "dropout_4", 
                            "noise_shape": null, 
                            "rate": 0.2, 
                            "seed": null, 
                            "trainable": true
                        }
                    }, 
                    "name": "dropout_4", 
                    "trainable": true
                }, 
                "inbound_nodes": [
                    [
                        [
                            "fc_4", 
                            0, 
                            0, 
                            {}
                        ]
                    ]
                ], 
                "name": "dropout_4"
            }, 
            {
                "class_name": "TimeDistributed", 
                "config": {
                    "layer": {
                        "class_name": "Dense", 
                        "config": {
                            "activation": "softmax", 
                            "activity_regularizer": null, 
                            "bias_constraint": null, 
                            "bias_initializer": {
                                "class_name": "RandomNormal", 
                                "config": {
                                    "mean": 0.0, 
                                    "seed": null, 
                                    "stddev": 0.05
                                }
                            }, 
                            "bias_regularizer": null, 
                            "kernel_constraint": null, 
                            "kernel_initializer": {
                                "class_name": "RandomNormal", 
                                "config": {
                                    "mean": 0.0, 
                                    "seed": null, 
                                    "stddev": 0.05
                                }
                            }, 
                            "kernel_regularizer": null, 
                            "name": "dense_5", 
                            "trainable": true, 
                            "units": 29, 
                            "use_bias": true
                        }
                    }, 
                    "name": "softmax", 
                    "trainable": true
                }, 
                "inbound_nodes": [
                    [
                        [
                            "dropout_4", 
                            0, 
                            0, 
                            {}
                        ]
                    ]
                ], 
                "name": "softmax"
            }, 
            {
                "class_name": "InputLayer", 
                "config": {
                    "batch_input_shape": [
                        null, 
                        null
                    ], 
                    "dtype": "float32", 
                    "name": "the_labels", 
                    "sparse": false
                }, 
                "inbound_nodes": [], 
                "name": "the_labels"
            }, 
            {
                "class_name": "InputLayer", 
                "config": {
                    "batch_input_shape": [
                        null, 
                        1
                    ], 
                    "dtype": "float32", 
                    "name": "input_length", 
                    "sparse": false
                }, 
                "inbound_nodes": [], 
                "name": "input_length"
            }, 
            {
                "class_name": "InputLayer", 
                "config": {
                    "batch_input_shape": [
                        null, 
                        1
                    ], 
                    "dtype": "float32", 
                    "name": "label_length", 
                    "sparse": false
                }, 
                "inbound_nodes": [], 
                "name": "label_length"
            }, 
            {
                "class_name": "Lambda", 
                "config": {
                    "arguments": {}, 
                    "function": [
                        "YwEAAAAFAAAABQAAAEMAAABzTQAAAHwAAFwEAH0BAH0CAH0DAH0EAHwBAGQAAGQAAIUCAGQBAGQA\nAIUCAGQAAGQAAIUCAGYDABl9AQB0AABqAQB8AgB8AQB8AwB8BACDBABTKAIAAABOaQIAAAAoAgAA\nAHQBAAAAS3QOAAAAY3RjX2JhdGNoX2Nvc3QoBQAAAHQEAAAAYXJnc3QGAAAAeV9wcmVkdAYAAABs\nYWJlbHN0DAAAAGlucHV0X2xlbmd0aHQMAAAAbGFiZWxfbGVuZ3RoKAAAAAAoAAAAAHMnAAAAL2hv\nbWUvbWFyaXRoMS9wcm9qZWN0cy9jdGMvbm5fbW9kZWxzLnB5dA8AAABjdGNfbGFtYmRhX2Z1bmOt\nAQAAcwYAAAAAARIEJQI=\n", 
                        null, 
                        null
                    ], 
                    "function_type": "lambda", 
                    "name": "ctc", 
                    "output_shape": [
                        1
                    ], 
                    "output_shape_type": "raw", 
                    "trainable": true
                }, 
                "inbound_nodes": [
                    [
                        [
                            "softmax", 
                            0, 
                            0, 
                            {}
                        ], 
                        [
                            "the_labels", 
                            0, 
                            0, 
                            {}
                        ], 
                        [
                            "input_length", 
                            0, 
                            0, 
                            {}
                        ], 
                        [
                            "label_length", 
                            0, 
                            0, 
                            {}
                        ]
                    ]
                ], 
                "name": "ctc"
            }
        ], 
        "name": "model_1", 
        "output_layers": [
            [
                "ctc", 
                0, 
                0
            ]
        ]
    }, 
    "keras_version": "2.1.5"
}

