/home/marith1/envs/tensorflow/lib/python2.7/site-packages/h5py/__init__.py:36: FutureWarning: Conversion of the second argument of issubdtype from `float` to `np.floating` is deprecated. In future, it will be treated as `np.float64 == np.dtype(float).type`.
  from ._conv import register_converters as _register_converters
Using TensorFlow backend.

Reading test data: 
('Reading csv:', 'data_dir/librivox-test-clean.csv')
Finished reading in data
removing any sentences that are too big- tweetsize
('Total number of files:', 2620)
('Total number of files (after reduction):', 2526)
('max_intseq_length:', 280)
('numclasses:', 29)
('max_trans_charlength:', 280)
('Words:', 46839)
('Vocab:', 7547)
WARNING:tensorflow:From /home/marith1/envs/tensorflow/lib/python2.7/site-packages/tensorflow/contrib/learn/python/learn/datasets/base.py:198: retry (from tensorflow.contrib.learn.python.learn.datasets.base) is deprecated and will be removed in a future version.
Instructions for updating:
Use the retry module or similar alternatives.
2018-06-01 23:28:22.536602: I tensorflow/core/platform/cpu_feature_guard.cc:140] Your CPU supports instructions that this TensorFlow binary was not compiled to use: AVX2 FMA
2018-06-01 23:28:23.519853: I tensorflow/core/common_runtime/gpu/gpu_device.cc:1344] Found device 0 with properties: 
name: Tesla P100-PCIE-16GB major: 6 minor: 0 memoryClockRate(GHz): 1.3285
pciBusID: 0000:03:00.0
totalMemory: 15.90GiB freeMemory: 15.61GiB
2018-06-01 23:28:23.519926: I tensorflow/core/common_runtime/gpu/gpu_device.cc:1423] Adding visible gpu devices: 0
2018-06-01 23:28:23.822935: I tensorflow/core/common_runtime/gpu/gpu_device.cc:911] Device interconnect StreamExecutor with strength 1 edge matrix:
2018-06-01 23:28:23.822999: I tensorflow/core/common_runtime/gpu/gpu_device.cc:917]      0 
2018-06-01 23:28:23.823011: I tensorflow/core/common_runtime/gpu/gpu_device.cc:930] 0:   N 
2018-06-01 23:28:23.823386: I tensorflow/core/common_runtime/gpu/gpu_device.cc:1041] Created TensorFlow device (/job:localhost/replica:0/task:0/device:GPU:0 with 15133 MB memory) -> physical GPU (device: 0, name: Tesla P100-PCIE-16GB, pci bus id: 0000:03:00.0, compute capability: 6.0)
/home/marith1/envs/tensorflow/lib/python2.7/site-packages/keras/models.py:255: UserWarning: No training configuration found in save file: the model was *not* compiled. Compile it manually.
  warnings.warn('No training configuration found in save file: '

Loaded existing model:  models/1405_blstm_64x1024_spect
Feature type:  spectrogram
__________________________________________________________________________________________________
Layer (type)                    Output Shape         Param #     Connected to                     
==================================================================================================
the_input (InputLayer)          (None, None, 40)     0                                            
__________________________________________________________________________________________________
fc_1 (TimeDistributed)          (None, None, 512)    20992       the_input[0][0]                  
__________________________________________________________________________________________________
dropout_1 (TimeDistributed)     (None, None, 512)    0           fc_1[0][0]                       
__________________________________________________________________________________________________
fc_2 (TimeDistributed)          (None, None, 512)    262656      dropout_1[0][0]                  
__________________________________________________________________________________________________
dropout_2 (TimeDistributed)     (None, None, 512)    0           fc_2[0][0]                       
__________________________________________________________________________________________________
fc_3 (TimeDistributed)          (None, None, 512)    262656      dropout_2[0][0]                  
__________________________________________________________________________________________________
dropout_3 (TimeDistributed)     (None, None, 512)    0           fc_3[0][0]                       
__________________________________________________________________________________________________
CuDNN_bi_lstm (Bidirectional)   (None, None, 512)    4202496     dropout_3[0][0]                  
__________________________________________________________________________________________________
fc_4 (TimeDistributed)          (None, None, 512)    262656      CuDNN_bi_lstm[0][0]              
__________________________________________________________________________________________________
dropout_4 (TimeDistributed)     (None, None, 512)    0           fc_4[0][0]                       
__________________________________________________________________________________________________
softmax (TimeDistributed)       (None, None, 29)     14877       dropout_4[0][0]                  
__________________________________________________________________________________________________
the_labels (InputLayer)         (None, None)         0                                            
__________________________________________________________________________________________________
input_length (InputLayer)       (None, 1)            0                                            
__________________________________________________________________________________________________
label_length (InputLayer)       (None, 1)            0                                            
__________________________________________________________________________________________________
ctc (Lambda)                    (None, 1)            0           softmax[0][0]                    
                                                                 the_labels[0][0]                 
                                                                 input_length[0][0]               
                                                                 label_length[0][0]               
==================================================================================================
Total params: 5,026,333
Trainable params: 5,026,333
Non-trainable params: 0
__________________________________________________________________________________________________

 - Calculation WER on  data_dir/librivox-test-clean.csv
Average WER:  0.568936011905

 - Predictions from batch index:  10 
From:  data_dir/librivox-test-clean.csv 

Original:  in this guise it becomes horrible                                                  
Predicted:  intiseyes it becones horo 

Original:  done he ain't done a thing he'd oughter sence he was born                          
Predicted:  done he andon a phaghe arder sancee was born 

Original:  so i lived and now am your tooth thrall well it is the luck of war                 
Predicted:  so  lived and nowinourtrute pral well it is theluck of war 

Original:  the ballet began the effect was more than beautiful                                
Predicted:  the balla began the effect  was more than beautiful 

Original:  but even the unsuccessful dramatist has his moments                                
Predicted:  but even the unsuccessel draaest has his moments 

Original:  a terrible thought flashed into my mind                                            
Predicted:  a terble thought lashtd intomon lind 

Original:  yet that task was not so easy as you may suppose                                   
Predicted:  yet that task was thotso easy as you may suppose 

Original:  and i declare it's too bad that it is                                              
Predicted:  and i declar its to bat that it is 

Original:  to this we reply in one word only                                                  
Predicted:  to this we reptli an one word only 

Original:  chapter three as master wishes                                                     
Predicted:  chapter three as master wishes 

Original:  my dragon's belly is never full and on board went the gold                         
Predicted:  a dragon's belly is never ful and on board went the god 

Original:  aren't you splashed look at the spider webs all over the grass                     
Predicted:  ar jus blash look o he sbite weps ol ofe agrass 

Original:  he impressed me as being a perfectly honest man                                    
Predicted:  he impressed me is being a perfectly honest man 

Original:  the departure was not at all agreeable                                             
Predicted:  the e parture was not at al agreeable 

Original:  the weather if we may use that term will change before long                        
Predicted:  the weather if we may used the ter will change before a 

Original:  men should not speculate about the nature of god                                   
Predicted:  men should not speculaete about the nature of gon 

Original:  or hath he given us any gift                                                       
Predicted:  or haf he given us any dift 

Original:  now you'll stay cried van say polly won't you                                      
Predicted:  noto stay cried an say pally bond you 

Original:  nottingham castle was reached and admittance was demanded                          
Predicted:  not ayoin casel was reach and anmitence was demanded 

Original:  voltaire picked up something from the ground and looked at it                      
Predicted:  an chere picke ovf someting from the ground an looked at it 

Original:  presently he crossed the floor of his room with decided step                       
Predicted:  presently he cross the for of his room with desideed step 

Original:  yes but perhaps i frightened her in what way                                       
Predicted:  yes thet perhaps i frightened her tin what way 

Original:  the goat's warlike spirit was roused by this successful attack                     
Predicted:  the gots worlike spir it was rouse bother successfel attot 

Original:  save me masters but you startled me rarely                                         
Predicted:  see e masters bu you startleld me rarly 

Original:  it was one of the masterly and charming stories of dumas the elder                 
Predicted:  et was one of the masterly an tarming storyes of dina he elder 

Original:  he is supposed to sign all the checks of the concern                               
Predicted:  he is suppose tosigne all the checks of the concer 

Original:  a cold lucid indifference reigned in his soul                                      
Predicted:  a cod lused in difference rained in his so 

Original:  the head of the patchwork girl was the most curious part of her                    
Predicted:  the head of the pathar girl was the most curious part of her 

Original:  she had almost forgotten that it was here within touch and sight                   
Predicted:  she had almost fergoden that i was here withintotch in sight 

Original:  nothing new weather unchanged the wind freshens                                    
Predicted:  nothing ne whether unchanged the win freshes 

Original:  truly such a horse should be worth much in nottingham fair                         
Predicted:  truly such  horse would be worth mach on noding an's far 

Original:  she asked impulsively i didn't believe you could persuade her father               
Predicted:  she asked empolsily i denn't believe you could persuad her father 

Original:  i say sir harry the little girl's going famously to night isn't she                
Predicted:  i say sa hary the little gils gong fameslit anty isnshe 

Original:  concord returned to its place amidst the tents                                     
Predicted:  comoncord wih turn woit place an its thetens 

Original:  run back uncas and bring me the size of the singer's foot                          
Predicted:  runback unes and bring methe size of the singers foot 

Original:  or of the habits of our people it is quite impossible                              
Predicted:  wo r of the havbits of our peopl it is quite inmpossible 

Original:  it would have been more wonderful had he spoken without a bidding                  
Predicted:  it would have been more wonderfol hadhy spoken without a biddting 

Original:  but thou art not such a lover my beloved                                           
Predicted:  but ou art not such a lever my delied 

Original:  and he leaned against the wall lost in reverie                                     
Predicted:  and he leaned against the wal lost in revery 

Original:  cold is it my darling bless your sweet face                                        
Predicted:  whold is it my darling bless your sweet face 

Original:  now what was the sense of it two innocent babies like that                         
Predicted:  now what is te scense of at two es ant bais like that 

Original:  yes my dear watson i have solved the mystery                                       
Predicted:  yes my dear wat and i have seve the mistery 

Original:  the examination however resulted in no discovery                                   
Predicted:  the examination however resulted in no dicscevery 

Original:  i'll do anything you wish me to bartley she said tremulously                       
Predicted:  i'll do anything you wish me to bartly she said tromelously 

Original:  that is a very fine cap you have he said                                           
Predicted:  that is a very fin capyou have he said 

Original:  why a tongue impress'd with honey from every wind                                  
Predicted:  why a tong impressed with honey from efery wind 

Original:  the arrow pierced his heart and wounded him mortally                               
Predicted:  the arow pirst his heart and wonded hem mortally 

Original:  the delawares are children of the tortoise and they outstrip the deer              
Predicted:  the deloars are children of the tortis af ta out strip the dear 

Original:  the king seemed only pleased with every one present                                
Predicted:  the kings seemed only pleased with every one present 

Original:  effects of the increased use and disuse of parts                                   
Predicted:  effeciy increased use and this use of part 

Original:  i have been here this quarter of an hour replied la valliere                       
Predicted:  i have been here this quarter of an hour replied lov oia 

Original:  ojo had never eaten such a fine meal in all his life                               
Predicted:  o had never eaten su to fine mneal in al his life 

Original:  ambrose met me at the bottom of the stairs and showed me the way to the supper room
Predicted:  ambers met met the boof stars and showed me theway to the supferom 

Original:  the lagoon had been level with the dykes a week ago and now                        
Predicted:  the mago had been level with a dids a wat ago and now 

Original:  to ask any more questions of you i believe would be unfair                         
Predicted:  to ask ny mor questions of yeuibelyv would be unfair 

Original:  the floor more than anything else showed the great age of the room                 
Predicted:  the formor than anything out show ed the grea age of the room 

Original:  no sound broke the stillness of the night                                          
Predicted:  no son but thistie of the light 

Original:  alexander leaned forward and warmed his hands before the blaze                     
Predicted:  ilexander leand forwad and wam his hands before the blaze 

Original:  the squire helped to thrust them all in and entered swiftly himself                
Predicted:  the squire help o thrust the al in an entered switfhly himself 

Original:  indeed he persecuted the church of christ for a long time                          
Predicted:  indeed he persecuted the churcher price for a mong time 

Original:  what could i do now but just lay myself down and die                               
Predicted:  whil id do now but just lanm or self down ind di 

Original:  the wine did certainly bring back the color to the squire's cheeks                 
Predicted:  the win ed certainly bring back tho colour to the squir's cheeks 

Original:  i shudder as i recall these monsters to my remembrance                             
Predicted:  i shuter as i recal these mosters to my remenberuts 

Original:  mister soames was somewhat overwhelmed by this flood of information                
Predicted:  mister som as was someot overwelmed by this floot of information 

