/home/marith1/envs/tensorflow/lib/python2.7/site-packages/h5py/__init__.py:36: FutureWarning: Conversion of the second argument of issubdtype from `float` to `np.floating` is deprecated. In future, it will be treated as `np.float64 == np.dtype(float).type`.
  from ._conv import register_converters as _register_converters
Using TensorFlow backend.
WARNING:tensorflow:From /home/marith1/envs/tensorflow/lib/python2.7/site-packages/tensorflow/contrib/learn/python/learn/datasets/base.py:198: retry (from tensorflow.contrib.learn.python.learn.datasets.base) is deprecated and will be removed in a future version.
Instructions for updating:
Use the retry module or similar alternatives.
2018-05-18 14:19:44.435876: I tensorflow/core/platform/cpu_feature_guard.cc:140] Your CPU supports instructions that this TensorFlow binary was not compiled to use: AVX2 FMA
2018-05-18 14:19:45.962584: I tensorflow/core/common_runtime/gpu/gpu_device.cc:1344] Found device 0 with properties: 
name: Tesla P100-PCIE-16GB major: 6 minor: 0 memoryClockRate(GHz): 1.3285
pciBusID: 0000:03:00.0
totalMemory: 15.90GiB freeMemory: 15.61GiB
2018-05-18 14:19:46.160676: I tensorflow/core/common_runtime/gpu/gpu_device.cc:1344] Found device 1 with properties: 
name: Tesla P100-PCIE-16GB major: 6 minor: 0 memoryClockRate(GHz): 1.3285
pciBusID: 0000:82:00.0
totalMemory: 15.90GiB freeMemory: 15.61GiB
2018-05-18 14:19:46.160745: I tensorflow/core/common_runtime/gpu/gpu_device.cc:1423] Adding visible gpu devices: 0, 1
2018-05-18 14:19:50.992756: I tensorflow/core/common_runtime/gpu/gpu_device.cc:911] Device interconnect StreamExecutor with strength 1 edge matrix:
2018-05-18 14:19:50.992802: I tensorflow/core/common_runtime/gpu/gpu_device.cc:917]      0 1 
2018-05-18 14:19:50.992810: I tensorflow/core/common_runtime/gpu/gpu_device.cc:930] 0:   N N 
2018-05-18 14:19:50.992815: I tensorflow/core/common_runtime/gpu/gpu_device.cc:930] 1:   N N 
2018-05-18 14:19:50.993527: I tensorflow/core/common_runtime/gpu/gpu_device.cc:1041] Created TensorFlow device (/job:localhost/replica:0/task:0/device:GPU:0 with 15133 MB memory) -> physical GPU (device: 0, name: Tesla P100-PCIE-16GB, pci bus id: 0000:03:00.0, compute capability: 6.0)
2018-05-18 14:19:51.149373: I tensorflow/core/common_runtime/gpu/gpu_device.cc:1041] Created TensorFlow device (/job:localhost/replica:0/task:0/device:GPU:1 with 15133 MB memory) -> physical GPU (device: 1, name: Tesla P100-PCIE-16GB, pci bus id: 0000:82:00.0, compute capability: 6.0)
/home/marith1/envs/tensorflow/lib/python2.7/site-packages/keras/models.py:255: UserWarning: No training configuration found in save file: the model was *not* compiled. Compile it manually.
  warnings.warn('No training configuration found in save file: '

Reading test data: 
('Reading csv:', 'data_dir/librivox-test-clean.csv')
Finished reading in data
removing any sentences that are too big- tweetsize
('Total number of files:', 2620)
('Total number of files (after reduction):', 2526)
('max_intseq_length:', 280)
('numclasses:', 29)
('max_trans_charlength:', 280)
('Words:', 46839)
('Vocab:', 7547)

Loaded existing model:  models/1505_2_blstm_64x1024
Feature type:  mfcc
__________________________________________________________________________________________________
Layer (type)                    Output Shape         Param #     Connected to                     
==================================================================================================
the_input (InputLayer)          (None, None, 26)     0                                            
__________________________________________________________________________________________________
fc_1 (TimeDistributed)          (None, None, 512)    13824       the_input[0][0]                  
__________________________________________________________________________________________________
dropout_1 (TimeDistributed)     (None, None, 512)    0           fc_1[0][0]                       
__________________________________________________________________________________________________
fc_2 (TimeDistributed)          (None, None, 512)    262656      dropout_1[0][0]                  
__________________________________________________________________________________________________
dropout_2 (TimeDistributed)     (None, None, 512)    0           fc_2[0][0]                       
__________________________________________________________________________________________________
fc_3 (TimeDistributed)          (None, None, 512)    262656      dropout_2[0][0]                  
__________________________________________________________________________________________________
dropout_3 (TimeDistributed)     (None, None, 512)    0           fc_3[0][0]                       
__________________________________________________________________________________________________
CuDNN_bi_lstm_1 (Bidirectional) (None, None, 512)    4202496     dropout_3[0][0]                  
__________________________________________________________________________________________________
CuDNN_bi_lstm_2 (Bidirectional) (None, None, 512)    4202496     CuDNN_bi_lstm_1[0][0]            
__________________________________________________________________________________________________
fc_4 (TimeDistributed)          (None, None, 512)    262656      CuDNN_bi_lstm_2[0][0]            
__________________________________________________________________________________________________
dropout_4 (TimeDistributed)     (None, None, 512)    0           fc_4[0][0]                       
__________________________________________________________________________________________________
softmax (TimeDistributed)       (None, None, 29)     14877       dropout_4[0][0]                  
__________________________________________________________________________________________________
the_labels (InputLayer)         (None, None)         0                                            
__________________________________________________________________________________________________
input_length (InputLayer)       (None, 1)            0                                            
__________________________________________________________________________________________________
label_length (InputLayer)       (None, 1)            0                                            
__________________________________________________________________________________________________
ctc (Lambda)                    (None, 1)            0           softmax[0][0]                    
                                                                 the_labels[0][0]                 
                                                                 input_length[0][0]               
                                                                 label_length[0][0]               
==================================================================================================
Total params: 9,221,661
Trainable params: 9,221,661
Non-trainable params: 0
__________________________________________________________________________________________________

 - Calculation WER on  data_dir/librivox-test-clean.csv
calc wer for 39  epoch lenght
Average WER:  0.423567708333

 - Predictions from batch index:  10 
From:  data_dir/librivox-test-clean.csv 

Original:  in this guise it becomes horrible                                                  
Predicted:  in this guees it becames horrble 

Original:  done he ain't done a thing he'd oughter sence he was born                          
Predicted:  don he an't don a faggy order since he was born 

Original:  so i lived and now am your tooth thrall well it is the luck of war                 
Predicted:  so i lived and nw  yar truththaorol well it is belock of wars 

Original:  the ballet began the effect was more than beautiful                                
Predicted:  the valley began the effect was more than beautifulr 

Original:  but even the unsuccessful dramatist has his moments                                
Predicted:  but even the unsucxcessal dramaist has his moments 

Original:  a terrible thought flashed into my mind                                            
Predicted:  a terrible tought flashed into my mindr 

Original:  yet that task was not so easy as you may suppose                                   
Predicted:  yet that tass was not so easy as you may suppose 

Original:  and i declare it's too bad that it is                                              
Predicted:  and i declare it's to bad that it is  

Original:  to this we reply in one word only                                                  
Predicted:  to this wele reply an one word only 

Original:  chapter three as master wishes                                                     
Predicted:  chapter three as master wishes 

Original:  my dragon's belly is never full and on board went the gold                         
Predicted:  a draggon's belly as never full and on board wenth the gold 

Original:  aren't you splashed look at the spider webs all over the grass                     
Predicted:  arjous plashed look ap a spi e weps all over the grass 

Original:  he impressed me as being a perfectly honest man                                    
Predicted:  he impressed me as being a perfectly honest man 

Original:  the departure was not at all agreeable                                             
Predicted:  he de parture was not at all agreable  

Original:  the weather if we may use that term will change before long                        
Predicted:  the weather if we may use the turm will change befe law 

Original:  men should not speculate about the nature of god                                   
Predicted:  men should not speculate about the nature of go 

Original:  or hath he given us any gift                                                       
Predicted:  or hath he given us any gift  

Original:  now you'll stay cried van say polly won't you                                      
Predicted:  now yull stay cried man say polly mon't you 

Original:  nottingham castle was reached and admittance was demanded                          
Predicted:  not ayain castle was reachd and imittence was demanded 

Original:  voltaire picked up something from the ground and looked at it                      
Predicted:  ih charp picked up something from the ground and looked at itr 

Original:  presently he crossed the floor of his room with decided step                       
Predicted:  presently he crossed the floor of his room with decided step 

Original:  yes but perhaps i frightened her in what way                                       
Predicted:  yes that perhaps i frightened her in what way  

Original:  the goat's warlike spirit was roused by this successful attack                     
Predicted:  thegoates worlike pirit was rouse by this successfl a tap 

Original:  save me masters but you startled me rarely                                         
Predicted:  savely masters but you startled me rarelyr 

Original:  it was one of the masterly and charming stories of dumas the elder                 
Predicted:  it was one of the masterlian charming stories of dema the elder 

Original:  he is supposed to sign all the checks of the concern                               
Predicted:  he is supposed to sign all the checqus of the concert 

Original:  a cold lucid indifference reigned in his soul                                      
Predicted:  a cold looid indifference arraigned in his soul  

Original:  the head of the patchwork girl was the most curious part of her                    
Predicted:  the head of the patch wore girl was the most curious part of her 

Original:  she had almost forgotten that it was here within touch and sight                   
Predicted:  she had almost forgotten that it was here with in touch in sight 

Original:  nothing new weather unchanged the wind freshens                                    
Predicted:  nothing new whether unchanged the winfreshas  

Original:  truly such a horse should be worth much in nottingham fair                         
Predicted:  truly such a horse would be worth much an nottin han fair 

Original:  she asked impulsively i didn't believe you could persuade her father               
Predicted:  she asked impulsidly i didn't believe you could persuade her father 

Original:  i say sir harry the little girl's going famously to night isn't she                
Predicted:  i say to hurry a little girls going fanouslet tan ni esn't she 

Original:  concord returned to its place amidst the tents                                     
Predicted:  cooncored wheturne wit place ammitst the tentszr 

Original:  run back uncas and bring me the size of the singer's foot                          
Predicted:  run back uncus and bring me the size of the singer's foot 

Original:  or of the habits of our people it is quite impossible                              
Predicted:  ore of the habits of hour people it is quite impossibler 

Original:  it would have been more wonderful had he spoken without a bidding                  
Predicted:  it would have been more wonderful had e spoken without a bidding  

Original:  but thou art not such a lover my beloved                                           
Predicted:  butthou art not such a lover my belovet 

Original:  and he leaned against the wall lost in reverie                                     
Predicted:  and he leaned against the wall lost in revery  

Original:  cold is it my darling bless your sweet face                                        
Predicted:  coold as it my darling bless your sweet face 

Original:  now what was the sense of it two innocent babies like that                         
Predicted:  now what is the sense of it too lis it babies like thatr 

Original:  yes my dear watson i have solved the mystery                                       
Predicted:  yes my dear watts and i have sol the mystery 

Original:  the examination however resulted in no discovery                                   
Predicted:  the examination however resulted in no discovery  

Original:  i'll do anything you wish me to bartley she said tremulously                       
Predicted:  i'll do anything you wish me too bartly she said tromalously 

Original:  that is a very fine cap you have he said                                           
Predicted:  that is a very fine capuhate he said 

Original:  why a tongue impress'd with honey from every wind                                  
Predicted:  why a tonge impressed with honey from every wind 

Original:  the arrow pierced his heart and wounded him mortally                               
Predicted:  the arrow percedtis heart and wounded him mortily  

Original:  the delawares are children of the tortoise and they outstrip the deer              
Predicted:  the dellowers are children of the tortics and they out strippe the deer  

Original:  the king seemed only pleased with every one present                                
Predicted:  the king seemed only pleased with every one presentr 

Original:  effects of the increased use and disuse of parts                                   
Predicted:  ef fexota increase use and disuse of partsr 

Original:  i have been here this quarter of an hour replied la valliere                       
Predicted:  i have been here this quarter of an hour replied le atyer 

Original:  ojo had never eaten such a fine meal in all his life                               
Predicted:  ojo had never eat ein such a fine keal in all his life  

Original:  ambrose met me at the bottom of the stairs and showed me the way to the supper room
Predicted:  ambrows met made the bo enstairs and showed me the way to the suppe room  

Original:  the lagoon had been level with the dykes a week ago and now                        
Predicted:  the legoad had been level with the dies a weik a go and now 

Original:  to ask any more questions of you i believe would be unfair                         
Predicted:  to ask any more questions of you i believe would be unfair 

Original:  the floor more than anything else showed the great age of the room                 
Predicted:  the fur more than anyting outs showed the greet age of the room 

Original:  no sound broke the stillness of the night                                          
Predicted:  no sound brote thi stillness of the lightr 

Original:  alexander leaned forward and warmed his hands before the blaze                     
Predicted:  alexander leaned forward and warmd his hands before the blaze 

Original:  the squire helped to thrust them all in and entered swiftly himself                
Predicted:  the squire helped to thrust the mall lin and entered swiftly himself 

Original:  indeed he persecuted the church of christ for a long time                          
Predicted:  indeed he persecuted the church of crist for a long time 

Original:  what could i do now but just lay myself down and die                               
Predicted:  whal ct i do now but just lam yself down and dier 

Original:  the wine did certainly bring back the color to the squire's cheeks                 
Predicted:  the wine did certainly bring back the colour to the squire's cheeks 

Original:  i shudder as i recall these monsters to my remembrance                             
Predicted:  i shud her as i recall these monstors to my remembrance 

Original:  mister soames was somewhat overwhelmed by this flood of information                
Predicted:  mister salmas was somewut overwhelmed by this flood of informationr 

