/home/marith1/envs/tensorflow/lib/python2.7/site-packages/h5py/__init__.py:36: FutureWarning: Conversion of the second argument of issubdtype from `float` to `np.floating` is deprecated. In future, it will be treated as `np.float64 == np.dtype(float).type`.
  from ._conv import register_converters as _register_converters
Using TensorFlow backend.
WARNING:tensorflow:From /home/marith1/envs/tensorflow/lib/python2.7/site-packages/tensorflow/python/util/deprecation.py:497: calling conv1d (from tensorflow.python.ops.nn_ops) with data_format=NHWC is deprecated and will be removed in a future version.
Instructions for updating:
`NHWC` for data_format is deprecated, use `NWC` instead
WARNING:tensorflow:From /home/marith1/envs/tensorflow/lib/python2.7/site-packages/tensorflow/contrib/learn/python/learn/datasets/base.py:198: retry (from tensorflow.contrib.learn.python.learn.datasets.base) is deprecated and will be removed in a future version.
Instructions for updating:
Use the retry module or similar alternatives.
2018-05-25 16:01:54.179504: I tensorflow/core/platform/cpu_feature_guard.cc:140] Your CPU supports instructions that this TensorFlow binary was not compiled to use: AVX2 FMA
2018-05-25 16:01:55.666190: I tensorflow/core/common_runtime/gpu/gpu_device.cc:1344] Found device 0 with properties: 
name: Tesla P100-PCIE-16GB major: 6 minor: 0 memoryClockRate(GHz): 1.3285
pciBusID: 0000:03:00.0
totalMemory: 15.90GiB freeMemory: 15.61GiB
2018-05-25 16:01:55.842931: I tensorflow/core/common_runtime/gpu/gpu_device.cc:1344] Found device 1 with properties: 
name: Tesla P100-PCIE-16GB major: 6 minor: 0 memoryClockRate(GHz): 1.3285
pciBusID: 0000:82:00.0
totalMemory: 15.90GiB freeMemory: 15.61GiB
2018-05-25 16:01:55.843002: I tensorflow/core/common_runtime/gpu/gpu_device.cc:1423] Adding visible gpu devices: 0, 1
2018-05-25 16:01:56.351668: I tensorflow/core/common_runtime/gpu/gpu_device.cc:911] Device interconnect StreamExecutor with strength 1 edge matrix:
2018-05-25 16:01:56.351714: I tensorflow/core/common_runtime/gpu/gpu_device.cc:917]      0 1 
2018-05-25 16:01:56.351721: I tensorflow/core/common_runtime/gpu/gpu_device.cc:930] 0:   N N 
2018-05-25 16:01:56.351725: I tensorflow/core/common_runtime/gpu/gpu_device.cc:930] 1:   N N 
2018-05-25 16:01:56.352338: I tensorflow/core/common_runtime/gpu/gpu_device.cc:1041] Created TensorFlow device (/job:localhost/replica:0/task:0/device:GPU:0 with 15133 MB memory) -> physical GPU (device: 0, name: Tesla P100-PCIE-16GB, pci bus id: 0000:03:00.0, compute capability: 6.0)
2018-05-25 16:01:56.524258: I tensorflow/core/common_runtime/gpu/gpu_device.cc:1041] Created TensorFlow device (/job:localhost/replica:0/task:0/device:GPU:1 with 15133 MB memory) -> physical GPU (device: 1, name: Tesla P100-PCIE-16GB, pci bus id: 0000:82:00.0, compute capability: 6.0)
/home/marith1/envs/tensorflow/lib/python2.7/site-packages/keras/models.py:255: UserWarning: No training configuration found in save file: the model was *not* compiled. Compile it manually.
  warnings.warn('No training configuration found in save file: '

Reading test data: 
('Reading csv:', 'data_dir/librivox-test-clean.csv')
Finished reading in data
removing any sentences that are too big- tweetsize
('Total number of files:', 2620)
('Total number of files (after reduction):', 2526)
('max_intseq_length:', 280)
('numclasses:', 29)
('max_trans_charlength:', 280)
('Words:', 46839)
('Vocab:', 7547)

Loaded existing model:  models/2405_cnn_blstm_64x1024_mfcc_cont
Feature type:  mfcc
__________________________________________________________________________________________________
Layer (type)                    Output Shape         Param #     Connected to                     
==================================================================================================
the_input (InputLayer)          (None, None, 26)     0                                            
__________________________________________________________________________________________________
zero_padding1d_1 (ZeroPadding1D (None, None, 26)     0           the_input[0][0]                  
__________________________________________________________________________________________________
conv_1 (Conv1D)                 (None, None, 512)    67072       zero_padding1d_1[0][0]           
__________________________________________________________________________________________________
dropout_1 (TimeDistributed)     (None, None, 512)    0           conv_1[0][0]                     
__________________________________________________________________________________________________
conv_2 (Conv1D)                 (None, None, 512)    1311232     dropout_1[0][0]                  
__________________________________________________________________________________________________
dropout_2 (TimeDistributed)     (None, None, 512)    0           conv_2[0][0]                     
__________________________________________________________________________________________________
conv_3 (Conv1D)                 (None, None, 512)    1311232     dropout_2[0][0]                  
__________________________________________________________________________________________________
dropout_3 (TimeDistributed)     (None, None, 512)    0           conv_3[0][0]                     
__________________________________________________________________________________________________
CuDNN_bi_lstm (Bidirectional)   (None, None, 512)    4202496     dropout_3[0][0]                  
__________________________________________________________________________________________________
fc_4 (TimeDistributed)          (None, None, 512)    262656      CuDNN_bi_lstm[0][0]              
__________________________________________________________________________________________________
dropout_4 (TimeDistributed)     (None, None, 512)    0           fc_4[0][0]                       
__________________________________________________________________________________________________
softmax (TimeDistributed)       (None, None, 29)     14877       dropout_4[0][0]                  
__________________________________________________________________________________________________
the_labels (InputLayer)         (None, None)         0                                            
__________________________________________________________________________________________________
input_length (InputLayer)       (None, 1)            0                                            
__________________________________________________________________________________________________
label_length (InputLayer)       (None, 1)            0                                            
__________________________________________________________________________________________________
ctc (Lambda)                    (None, 1)            0           softmax[0][0]                    
                                                                 the_labels[0][0]                 
                                                                 input_length[0][0]               
                                                                 label_length[0][0]               
==================================================================================================
Total params: 7,169,565
Trainable params: 7,169,565
Non-trainable params: 0
__________________________________________________________________________________________________

 - Calculation WER on  data_dir/librivox-test-clean.csv
Average WER:  0.356919642857

 - Predictions from batch index:  10 
From:  data_dir/librivox-test-clean.csv 

Original:  in this guise it becomes horrible                                                  
Predicted:  in this guis it becomes horigal 

Original:  done he ain't done a thing he'd oughter sence he was born                          
Predicted:  don he ian't don a thigk he ordersince he was born 

Original:  so i lived and now am your tooth thrall well it is the luck of war                 
Predicted:  soa i lived and now in murtude thirall well it is the luck of war 

Original:  the ballet began the effect was more than beautiful                                
Predicted:  the balley began the effect was more than beautiful 

Original:  but even the unsuccessful dramatist has his moments                                
Predicted:  but even the unsuccessl dromatist has his moments 

Original:  a terrible thought flashed into my mind                                            
Predicted:  a terrible thought slashed into my mind 

Original:  yet that task was not so easy as you may suppose                                   
Predicted:  yet that task was totso easy as you may suppose 

Original:  and i declare it's too bad that it is                                              
Predicted:  and i declare it's too bad that it is 

Original:  to this we reply in one word only                                                  
Predicted:  to this we reply in one word only 

Original:  chapter three as master wishes                                                     
Predicted:  chapter three as master wishes 

Original:  my dragon's belly is never full and on board went the gold                         
Predicted:  i dragongs belly his never fall and on board went the gold 

Original:  aren't you splashed look at the spider webs all over the grass                     
Predicted:  u jeusplashed blut that thaspi de erweps all over the grass 

Original:  he impressed me as being a perfectly honest man                                    
Predicted:  he impressed mes beang a perfectly honest man 

Original:  the departure was not at all agreeable                                             
Predicted:  the departure was not at al agreamble 

Original:  the weather if we may use that term will change before long                        
Predicted:  the weather if we may ue the ter weill chang before lan 

Original:  men should not speculate about the nature of god                                   
Predicted:  men should not speculate about the nature of god 

Original:  or hath he given us any gift                                                       
Predicted:  o hath he given us any gif 

Original:  now you'll stay cried van say polly won't you                                      
Predicted:  naw guall stay cried man say poli won't you 

Original:  nottingham castle was reached and admittance was demanded                          
Predicted:  not a aiun castle was reache and inmittence was demanded 

Original:  voltaire picked up something from the ground and looked at it                      
Predicted:  nocai picked up something from the ground and looked at it 

Original:  presently he crossed the floor of his room with decided step                       
Predicted:  presently he crossed the floor of his room with desided step 

Original:  yes but perhaps i frightened her in what way                                       
Predicted:  yes thu perhaps i frightened her in what way 

Original:  the goat's warlike spirit was roused by this successful attack                     
Predicted:  the goats ware like spirit was roused by this successful a tap 

Original:  save me masters but you startled me rarely                                         
Predicted:  seave me masters put you startled me rarely 

Original:  it was one of the masterly and charming stories of dumas the elder                 
Predicted:  it was one of the mastrly and charming stors of gimaf thealder 

Original:  he is supposed to sign all the checks of the concern                               
Predicted:  he is supposed to sign all the checks of the consert 

Original:  a cold lucid indifference reigned in his soul                                      
Predicted:  a cold looced in difference raigned in his soul 

Original:  the head of the patchwork girl was the most curious part of her                    
Predicted:  the head of the pahwore girl was the most curious part of her 

Original:  she had almost forgotten that it was here within touch and sight                   
Predicted:  she had almost forgoden that itwas here with intouch ing sight 

Original:  nothing new weather unchanged the wind freshens                                    
Predicted:  nothing knew whether unchanged the win freshans 

Original:  truly such a horse should be worth much in nottingham fair                         
Predicted:  truly such a horse would be worth much an notting him far 

Original:  she asked impulsively i didn't believe you could persuade her father               
Predicted:  she asked impulsivly i didn't believe you could persuade her father 

Original:  i say sir harry the little girl's going famously to night isn't she                
Predicted:  pi sae so harry a little girl's going famously toni isenshe 

Original:  concord returned to its place amidst the tents                                     
Predicted:  concord wee tun tw itch place amidst the tent 

Original:  run back uncas and bring me the size of the singer's foot                          
Predicted:  run back oncusand bring me the size of the singer's foot 

Original:  or of the habits of our people it is quite impossible                              
Predicted:  or of the habits of our people it is quite impossible 

Original:  it would have been more wonderful had he spoken without a bidding                  
Predicted:  it would have been more wonderful had he spoken without a bitding 

Original:  but thou art not such a lover my beloved                                           
Predicted:  but thou art not such a lever my beloved 

Original:  and he leaned against the wall lost in reverie                                     
Predicted:  and he leaned against the wall lost in revery 

Original:  cold is it my darling bless your sweet face                                        
Predicted:  cold is it my darling bless your sweet face 

Original:  now what was the sense of it two innocent babies like that                         
Predicted:  now what is the sents of it two insif babies like that 

Original:  yes my dear watson i have solved the mystery                                       
Predicted:  yes my dear watson i have sow ofed the mystery 

Original:  the examination however resulted in no discovery                                   
Predicted:  the examination however resulted in no disecovery 

Original:  i'll do anything you wish me to bartley she said tremulously                       
Predicted:  i'll do anything ou wish me to bartly she said tremiloesly 

Original:  that is a very fine cap you have he said                                           
Predicted:  that is a very fine cap u have he said 

Original:  why a tongue impress'd with honey from every wind                                  
Predicted:  why a tongu impressed with honney from every wind 

Original:  the arrow pierced his heart and wounded him mortally                               
Predicted:  the arow pearsed has heart and wounded him mortily 

Original:  the delawares are children of the tortoise and they outstrip the deer              
Predicted:  the delawears are children of the tortus hand they outstrip the dear 

Original:  the king seemed only pleased with every one present                                
Predicted:  the king seemed only plaased with everyone present 

Original:  effects of the increased use and disuse of parts                                   
Predicted:  effatrty increased use and disuse of parts 

Original:  i have been here this quarter of an hour replied la valliere                       
Predicted:  i have been here this quarter of an hour replied lov otie 

Original:  ojo had never eaten such a fine meal in all his life                               
Predicted:  odo had never eaten such a fine meal ind all his life 

Original:  ambrose met me at the bottom of the stairs and showed me the way to the supper room
Predicted:  ambrose met mit the boo of stars ad shorvd ment the way to the super room 

Original:  the lagoon had been level with the dykes a week ago and now                        
Predicted:  thou legood had been level with the diks a wake ago and now 

Original:  to ask any more questions of you i believe would be unfair                         
Predicted:  to ask any more questions of you ibelie would be unfair 

Original:  the floor more than anything else showed the great age of the room                 
Predicted:  the form mere than anything oute showed the great age of the room 

Original:  no sound broke the stillness of the night                                          
Predicted:  no sound broke the stillness of the knight 

Original:  alexander leaned forward and warmed his hands before the blaze                     
Predicted:  alexander leaned forward and wamed his hands before the blaze 

Original:  the squire helped to thrust them all in and entered swiftly himself                
Predicted:  the squire helped to thrust them allin and entered swifhly himself 

Original:  indeed he persecuted the church of christ for a long time                          
Predicted:  indeed he persecuted the churcher phrized for a long time 

Original:  what could i do now but just lay myself down and die                               
Predicted:  whlt ca i dou now but just lan myself down and die 

Original:  the wine did certainly bring back the color to the squire's cheeks                 
Predicted:  the winded certaily bring back the color to the squire's cheeks 

Original:  i shudder as i recall these monsters to my remembrance                             
Predicted:  i shutdter as i recall these mosters to my remembrets 

Original:  mister soames was somewhat overwhelmed by this flood of information                
Predicted:  mister samus was somot overwhelmed by this flad of information 

